{"/workspace/app/api/booking/route.ts": {"path":"/workspace/app/api/booking/route.ts","statementMap":{"0":{"start":{"line":14,"column":0},"end":{"line":14,"column":22}},"1":{"start":{"line":1,"column":0},"end":{"line":1,"column":43}},"2":{"start":{"line":15,"column":2},"end":{"line":39,"column":3}},"3":{"start":{"line":16,"column":33},"end":{"line":16,"column":53}},"4":{"start":{"line":19,"column":87},"end":{"line":19,"column":91}},"5":{"start":{"line":20,"column":4},"end":{"line":22,"column":5}},"6":{"start":{"line":21,"column":6},"end":{"line":21,"column":95}},"7":{"start":{"line":31,"column":4},"end":{"line":31,"column":51}},"8":{"start":{"line":34,"column":4},"end":{"line":34,"column":99}},"9":{"start":{"line":37,"column":4},"end":{"line":37,"column":47}},"10":{"start":{"line":38,"column":4},"end":{"line":38,"column":95}}},"fnMap":{"0":{"name":"POST","decl":{"start":{"line":14,"column":22},"end":{"line":14,"column":26}},"loc":{"start":{"line":14,"column":43},"end":{"line":40,"column":null}}}},"branchMap":{"0":{"loc":{"start":{"line":20,"column":4},"end":{"line":22,"column":5}},"type":"if","locations":[{"start":{"line":20,"column":4},"end":{"line":22,"column":5}},{"start":{},"end":{}}]},"1":{"loc":{"start":{"line":20,"column":8},"end":{"line":20,"column":94}},"type":"binary-expr","locations":[{"start":{"line":20,"column":8},"end":{"line":20,"column":18}},{"start":{"line":20,"column":22},"end":{"line":20,"column":33}},{"start":{"line":20,"column":37},"end":{"line":20,"column":49}},{"start":{"line":20,"column":53},"end":{"line":20,"column":66}},{"start":{"line":20,"column":70},"end":{"line":20,"column":79}},{"start":{"line":20,"column":83},"end":{"line":20,"column":94}}]}},"s":{"0":0,"1":0,"2":0,"3":0,"4":0,"5":0,"6":0,"7":0,"8":0,"9":0,"10":0},"f":{"0":0},"b":{"0":[0,0],"1":[0,0,0,0,0,0]}}
,"/workspace/app/api/contact/route.ts": {"path":"/workspace/app/api/contact/route.ts","statementMap":{"0":{"start":{"line":17,"column":0},"end":{"line":17,"column":22}},"1":{"start":{"line":25,"column":0},"end":{"line":25,"column":22}},"2":{"start":{"line":1,"column":0},"end":{"line":1,"column":43}},"3":{"start":{"line":2,"column":0},"end":{"line":2,"column":24}},"4":{"start":{"line":3,"column":0},"end":{"line":3,"column":47}},"5":{"start":{"line":4,"column":0},"end":{"line":4,"column":44}},"6":{"start":{"line":6,"column":15},"end":{"line":13,"column":2}},"7":{"start":{"line":15,"column":13},"end":{"line":15,"column":32}},"8":{"start":{"line":18,"column":14},"end":{"line":18,"column":53}},"9":{"start":{"line":19,"column":2},"end":{"line":19,"column":54}},"10":{"start":{"line":20,"column":2},"end":{"line":20,"column":80}},"11":{"start":{"line":21,"column":2},"end":{"line":21,"column":67}},"12":{"start":{"line":22,"column":2},"end":{"line":22,"column":13}},"13":{"start":{"line":26,"column":13},"end":{"line":26,"column":91}},"14":{"start":{"line":27,"column":13},"end":{"line":27,"column":51}},"15":{"start":{"line":28,"column":2},"end":{"line":28,"column":88}},"16":{"start":{"line":28,"column":14},"end":{"line":28,"column":88}},"17":{"start":{"line":30,"column":17},"end":{"line":30,"column":72}},"18":{"start":{"line":31,"column":2},"end":{"line":33,"column":3}},"19":{"start":{"line":32,"column":4},"end":{"line":32,"column":77}},"20":{"start":{"line":35,"column":15},"end":{"line":35,"column":49}},"21":{"start":{"line":35,"column":44},"end":{"line":35,"column":48}},"22":{"start":{"line":36,"column":16},"end":{"line":36,"column":38}},"23":{"start":{"line":37,"column":2},"end":{"line":39,"column":3}},"24":{"start":{"line":38,"column":4},"end":{"line":38,"column":107}},"25":{"start":{"line":40,"column":15},"end":{"line":40,"column":25}},"26":{"start":{"line":43,"column":2},"end":{"line":64,"column":3}},"27":{"start":{"line":44,"column":15},"end":{"line":45,"column":50}},"28":{"start":{"line":45,"column":25},"end":{"line":45,"column":33}},"29":{"start":{"line":46,"column":4},"end":{"line":60,"column":5}},"30":{"start":{"line":47,"column":25},"end":{"line":47,"column":61}},"31":{"start":{"line":47,"column":26},"end":{"line":47,"column":52}},"32":{"start":{"line":48,"column":24},"end":{"line":53,"column":8}},"33":{"start":{"line":54,"column":6},"end":{"line":59,"column":9}},"34":{"start":{"line":63,"column":4},"end":{"line":63,"column":45}},"35":{"start":{"line":66,"column":2},"end":{"line":66,"column":41}}},"fnMap":{"0":{"name":"OPTIONS","decl":{"start":{"line":17,"column":22},"end":{"line":17,"column":29}},"loc":{"start":{"line":17,"column":29},"end":{"line":23,"column":null}}},"1":{"name":"POST","decl":{"start":{"line":25,"column":22},"end":{"line":25,"column":26}},"loc":{"start":{"line":25,"column":39},"end":{"line":67,"column":null}}},"2":{"name":"(anonymous_20)","decl":{"start":{"line":35,"column":38},"end":{"line":35,"column":41}},"loc":{"start":{"line":35,"column":44},"end":{"line":35,"column":48}}},"3":{"name":"(anonymous_21)","decl":{"start":{"line":45,"column":22},"end":{"line":45,"column":23}},"loc":{"start":{"line":45,"column":25},"end":{"line":45,"column":33}}},"4":{"name":"(anonymous_22)","decl":{"start":{"line":47,"column":26},"end":{"line":47,"column":39}},"loc":{"start":{"line":47,"column":26},"end":{"line":47,"column":52}}}},"branchMap":{"0":{"loc":{"start":{"line":26,"column":13},"end":{"line":26,"column":91}},"type":"binary-expr","locations":[{"start":{"line":26,"column":13},"end":{"line":26,"column":76}},{"start":{"line":26,"column":80},"end":{"line":26,"column":91}}]},"1":{"loc":{"start":{"line":26,"column":14},"end":{"line":26,"column":54}},"type":"cond-expr","locations":[{"start":{"line":26,"column":48},"end":{"line":26,"column":52}},{"start":{"line":26,"column":52},"end":{"line":26,"column":54}}]},"2":{"loc":{"start":{"line":26,"column":14},"end":{"line":26,"column":52}},"type":"binary-expr","locations":[{"start":{"line":26,"column":14},"end":{"line":26,"column":52}},{"start":{"line":26,"column":48},"end":{"line":26,"column":52}}]},"3":{"loc":{"start":{"line":28,"column":2},"end":{"line":28,"column":88}},"type":"if","locations":[{"start":{"line":28,"column":2},"end":{"line":28,"column":88}},{"start":{},"end":{}}]},"4":{"loc":{"start":{"line":30,"column":17},"end":{"line":30,"column":72}},"type":"cond-expr","locations":[{"start":{"line":30,"column":42},"end":{"line":30,"column":46}},{"start":{"line":30,"column":46},"end":{"line":30,"column":72}}]},"5":{"loc":{"start":{"line":30,"column":17},"end":{"line":30,"column":46}},"type":"binary-expr","locations":[{"start":{"line":30,"column":17},"end":{"line":30,"column":46}},{"start":{"line":30,"column":42},"end":{"line":30,"column":46}}]},"6":{"loc":{"start":{"line":31,"column":2},"end":{"line":33,"column":3}},"type":"if","locations":[{"start":{"line":31,"column":2},"end":{"line":33,"column":3}},{"start":{},"end":{}}]},"7":{"loc":{"start":{"line":31,"column":21},"end":{"line":31,"column":33}},"type":"cond-expr","locations":[{"start":{"line":31,"column":21},"end":{"line":31,"column":27}},{"start":{"line":31,"column":31},"end":{"line":31,"column":33}}]},"8":{"loc":{"start":{"line":31,"column":21},"end":{"line":31,"column":31}},"type":"binary-expr","locations":[{"start":{"line":31,"column":21},"end":{"line":31,"column":31}},{"start":{"line":31,"column":21},"end":{"line":31,"column":31}}]},"9":{"loc":{"start":{"line":37,"column":2},"end":{"line":39,"column":3}},"type":"if","locations":[{"start":{"line":37,"column":2},"end":{"line":39,"column":3}},{"start":{},"end":{}}]},"10":{"loc":{"start":{"line":44,"column":16},"end":{"line":44,"column":52}},"type":"cond-expr","locations":[{"start":{"line":44,"column":46},"end":{"line":44,"column":50}},{"start":{"line":44,"column":50},"end":{"line":44,"column":52}}]},"11":{"loc":{"start":{"line":44,"column":16},"end":{"line":44,"column":50}},"type":"binary-expr","locations":[{"start":{"line":44,"column":16},"end":{"line":44,"column":50}},{"start":{"line":44,"column":46},"end":{"line":44,"column":50}}]},"12":{"loc":{"start":{"line":46,"column":4},"end":{"line":60,"column":5}},"type":"if","locations":[{"start":{"line":46,"column":4},"end":{"line":60,"column":5}},{"start":{},"end":{}}]},"13":{"loc":{"start":{"line":50,"column":21},"end":{"line":50,"column":49}},"type":"cond-expr","locations":[{"start":{"line":50,"column":42},"end":{"line":50,"column":46}},{"start":{"line":50,"column":46},"end":{"line":50,"column":49}}]},"14":{"loc":{"start":{"line":50,"column":21},"end":{"line":50,"column":46}},"type":"binary-expr","locations":[{"start":{"line":50,"column":21},"end":{"line":50,"column":46}},{"start":{"line":50,"column":42},"end":{"line":50,"column":46}}]},"15":{"loc":{"start":{"line":52,"column":14},"end":{"line":52,"column":112}},"type":"cond-expr","locations":[{"start":{"line":52,"column":38},"end":{"line":52,"column":100}},{"start":{"line":52,"column":103},"end":{"line":52,"column":112}}]},"16":{"loc":{"start":{"line":55,"column":14},"end":{"line":55,"column":64}},"type":"cond-expr","locations":[{"start":{"line":55,"column":35},"end":{"line":55,"column":39}},{"start":{"line":55,"column":39},"end":{"line":55,"column":64}}]},"17":{"loc":{"start":{"line":55,"column":14},"end":{"line":55,"column":39}},"type":"binary-expr","locations":[{"start":{"line":55,"column":14},"end":{"line":55,"column":39}},{"start":{"line":55,"column":35},"end":{"line":55,"column":39}}]},"18":{"loc":{"start":{"line":58,"column":66},"end":{"line":58,"column":82}},"type":"cond-expr","locations":[{"start":{"line":58,"column":76},"end":{"line":58,"column":80}},{"start":{"line":58,"column":80},"end":{"line":58,"column":82}}]},"19":{"loc":{"start":{"line":58,"column":66},"end":{"line":58,"column":80}},"type":"binary-expr","locations":[{"start":{"line":58,"column":66},"end":{"line":58,"column":80}},{"start":{"line":58,"column":76},"end":{"line":58,"column":80}}]},"20":{"loc":{"start":{"line":58,"column":96},"end":{"line":58,"column":114}},"type":"cond-expr","locations":[{"start":{"line":58,"column":108},"end":{"line":58,"column":112}},{"start":{"line":58,"column":112},"end":{"line":58,"column":114}}]},"21":{"loc":{"start":{"line":58,"column":96},"end":{"line":58,"column":112}},"type":"binary-expr","locations":[{"start":{"line":58,"column":96},"end":{"line":58,"column":112}},{"start":{"line":58,"column":108},"end":{"line":58,"column":112}}]}},"s":{"0":0,"1":0,"2":0,"3":0,"4":0,"5":0,"6":0,"7":0,"8":0,"9":0,"10":0,"11":0,"12":0,"13":0,"14":0,"15":0,"16":0,"17":0,"18":0,"19":0,"20":0,"21":0,"22":0,"23":0,"24":0,"25":0,"26":0,"27":0,"28":0,"29":0,"30":0,"31":0,"32":0,"33":0,"34":0,"35":0},"f":{"0":0,"1":0,"2":0,"3":0,"4":0},"b":{"0":[0,0],"1":[0,0],"2":[0,0],"3":[0,0],"4":[0,0],"5":[0,0],"6":[0,0],"7":[0,0],"8":[0,0],"9":[0,0],"10":[0,0],"11":[0,0],"12":[0,0],"13":[0,0],"14":[0,0],"15":[0,0],"16":[0,0],"17":[0,0],"18":[0,0],"19":[0,0],"20":[0,0],"21":[0,0]}}
,"/workspace/app/api/gallery/route.ts": {"path":"/workspace/app/api/gallery/route.ts","statementMap":{"0":{"start":{"line":28,"column":0},"end":{"line":28,"column":22}},"1":{"start":{"line":1,"column":0},"end":{"line":1,"column":43}},"2":{"start":{"line":2,"column":0},"end":{"line":2,"column":32}},"3":{"start":{"line":3,"column":0},"end":{"line":3,"column":24}},"4":{"start":{"line":14,"column":26},"end":{"line":26,"column":1}},"5":{"start":{"line":15,"column":2},"end":{"line":25,"column":3}},"6":{"start":{"line":16,"column":23},"end":{"line":16,"column":86}},"7":{"start":{"line":17,"column":4},"end":{"line":20,"column":5}},"8":{"start":{"line":18,"column":19},"end":{"line":18,"column":55}},"9":{"start":{"line":19,"column":6},"end":{"line":19,"column":null}},"10":{"start":{"line":21,"column":4},"end":{"line":21,"column":null}},"11":{"start":{"line":23,"column":4},"end":{"line":23,"column":null}},"12":{"start":{"line":24,"column":4},"end":{"line":24,"column":null}},"13":{"start":{"line":29,"column":27},"end":{"line":29,"column":77}},"14":{"start":{"line":31,"column":2},"end":{"line":62,"column":3}},"15":{"start":{"line":32,"column":23},"end":{"line":34,"column":43}},"16":{"start":{"line":33,"column":34},"end":{"line":33,"column":54}},"17":{"start":{"line":34,"column":31},"end":{"line":34,"column":42}},"18":{"start":{"line":37,"column":26},"end":{"line":37,"column":45}},"19":{"start":{"line":39,"column":24},"end":{"line":56,"column":38}},"20":{"start":{"line":40,"column":26},"end":{"line":40,"column":63}},"21":{"start":{"line":41,"column":20},"end":{"line":49,"column":70}},"22":{"start":{"line":42,"column":34},"end":{"line":42,"column":86}},"23":{"start":{"line":45,"column":26},"end":{"line":45,"column":47}},"24":{"start":{"line":46,"column":30},"end":{"line":46,"column":52}},"25":{"start":{"line":47,"column":10},"end":{"line":47,"column":null}},"26":{"start":{"line":49,"column":31},"end":{"line":49,"column":69}},"27":{"start":{"line":52,"column":6},"end":{"line":54,"column":7}},"28":{"start":{"line":53,"column":8},"end":{"line":53,"column":30}},"29":{"start":{"line":55,"column":6},"end":{"line":55,"column":17}},"30":{"start":{"line":58,"column":4},"end":{"line":58,"column":42}},"31":{"start":{"line":60,"column":4},"end":{"line":60,"column":59}},"32":{"start":{"line":61,"column":4},"end":{"line":61,"column":91}}},"fnMap":{"0":{"name":"(anonymous_8)","decl":{"start":{"line":14,"column":26},"end":{"line":14,"column":44}},"loc":{"start":{"line":14,"column":46},"end":{"line":26,"column":1}}},"1":{"name":"GET","decl":{"start":{"line":28,"column":22},"end":{"line":28,"column":25}},"loc":{"start":{"line":28,"column":25},"end":{"line":63,"column":null}}},"2":{"name":"(anonymous_11)","decl":{"start":{"line":33,"column":14},"end":{"line":33,"column":15}},"loc":{"start":{"line":33,"column":34},"end":{"line":33,"column":54}}},"3":{"name":"(anonymous_12)","decl":{"start":{"line":34,"column":11},"end":{"line":34,"column":12}},"loc":{"start":{"line":34,"column":31},"end":{"line":34,"column":42}}},"4":{"name":"(anonymous_13)","decl":{"start":{"line":39,"column":42},"end":{"line":39,"column":43}},"loc":{"start":{"line":39,"column":94},"end":{"line":56,"column":5}}},"5":{"name":"(anonymous_14)","decl":{"start":{"line":42,"column":16},"end":{"line":42,"column":17}},"loc":{"start":{"line":42,"column":34},"end":{"line":42,"column":86}}},"6":{"name":"(anonymous_15)","decl":{"start":{"line":43,"column":16},"end":{"line":43,"column":17}},"loc":{"start":{"line":43,"column":33},"end":{"line":48,"column":9}}},"7":{"name":"(anonymous_16)","decl":{"start":{"line":49,"column":13},"end":{"line":49,"column":14}},"loc":{"start":{"line":49,"column":31},"end":{"line":49,"column":69}}}},"branchMap":{"0":{"loc":{"start":{"line":17,"column":4},"end":{"line":20,"column":5}},"type":"if","locations":[{"start":{"line":17,"column":4},"end":{"line":20,"column":5}},{"start":{},"end":{}}]},"1":{"loc":{"start":{"line":47,"column":17},"end":{"line":47,"column":55}},"type":"binary-expr","locations":[{"start":{"line":47,"column":17},"end":{"line":47,"column":28}},{"start":{"line":47,"column":32},"end":{"line":47,"column":55}}]},"2":{"loc":{"start":{"line":52,"column":6},"end":{"line":54,"column":7}},"type":"if","locations":[{"start":{"line":52,"column":6},"end":{"line":54,"column":7}},{"start":{},"end":{}}]}},"s":{"0":0,"1":0,"2":0,"3":0,"4":0,"5":0,"6":0,"7":0,"8":0,"9":0,"10":0,"11":0,"12":0,"13":0,"14":0,"15":0,"16":0,"17":0,"18":0,"19":0,"20":0,"21":0,"22":0,"23":0,"24":0,"25":0,"26":0,"27":0,"28":0,"29":0,"30":0,"31":0,"32":0},"f":{"0":0,"1":0,"2":0,"3":0,"4":0,"5":0,"6":0,"7":0},"b":{"0":[0,0],"1":[0,0],"2":[0,0]}}
,"/workspace/app/api/gallery/[imageId]/route.ts": {"path":"/workspace/app/api/gallery/[imageId]/route.ts","statementMap":{"0":{"start":{"line":6,"column":0},"end":{"line":6,"column":22}},"1":{"start":{"line":50,"column":0},"end":{"line":50,"column":22}},"2":{"start":{"line":1,"column":0},"end":{"line":1,"column":55}},"3":{"start":{"line":2,"column":0},"end":{"line":2,"column":57}},"4":{"start":{"line":3,"column":0},"end":{"line":3,"column":31}},"5":{"start":{"line":4,"column":0},"end":{"line":4,"column":23}},"6":{"start":{"line":7,"column":2},"end":{"line":48,"column":null}},"7":{"start":{"line":10,"column":22},"end":{"line":10,"column":34}},"8":{"start":{"line":11,"column":2},"end":{"line":47,"column":3}},"9":{"start":{"line":12,"column":4},"end":{"line":14,"column":5}},"10":{"start":{"line":13,"column":6},"end":{"line":13,"column":null}},"11":{"start":{"line":17,"column":24},"end":{"line":17,"column":51}},"12":{"start":{"line":20,"column":21},"end":{"line":20,"column":90}},"13":{"start":{"line":23,"column":4},"end":{"line":25,"column":5}},"14":{"start":{"line":24,"column":6},"end":{"line":24,"column":null}},"15":{"start":{"line":28,"column":4},"end":{"line":28,"column":null}},"16":{"start":{"line":31,"column":25},"end":{"line":31,"column":48}},"17":{"start":{"line":32,"column":4},"end":{"line":34,"column":5}},"18":{"start":{"line":33,"column":6},"end":{"line":33,"column":null}},"19":{"start":{"line":36,"column":4},"end":{"line":40,"column":null}},"20":{"start":{"line":42,"column":4},"end":{"line":42,"column":null}},"21":{"start":{"line":43,"column":4},"end":{"line":46,"column":null}},"22":{"start":{"line":51,"column":2},"end":{"line":104,"column":null}},"23":{"start":{"line":54,"column":22},"end":{"line":54,"column":34}},"24":{"start":{"line":55,"column":2},"end":{"line":103,"column":3}},"25":{"start":{"line":56,"column":4},"end":{"line":58,"column":5}},"26":{"start":{"line":57,"column":6},"end":{"line":57,"column":null}},"27":{"start":{"line":61,"column":17},"end":{"line":61,"column":37}},"28":{"start":{"line":62,"column":86},"end":{"line":62,"column":90}},"29":{"start":{"line":65,"column":24},"end":{"line":65,"column":51}},"30":{"start":{"line":68,"column":21},"end":{"line":68,"column":90}},"31":{"start":{"line":71,"column":4},"end":{"line":73,"column":5}},"32":{"start":{"line":72,"column":6},"end":{"line":72,"column":null}},"33":{"start":{"line":76,"column":21},"end":{"line":85,"column":null}},"34":{"start":{"line":88,"column":25},"end":{"line":88,"column":48}},"35":{"start":{"line":89,"column":4},"end":{"line":89,"column":null}},"36":{"start":{"line":91,"column":4},"end":{"line":96,"column":null}},"37":{"start":{"line":98,"column":4},"end":{"line":98,"column":null}},"38":{"start":{"line":99,"column":4},"end":{"line":102,"column":null}}},"fnMap":{"0":{"name":"DELETE","decl":{"start":{"line":6,"column":22},"end":{"line":6,"column":28}},"loc":{"start":{"line":6,"column":28},"end":{"line":48,"column":null}}},"1":{"name":"(anonymous_9)","decl":{"start":{"line":7,"column":2},"end":{"line":7,"column":22}},"loc":{"start":{"line":8,"column":54},"end":{"line":48,"column":1}}},"2":{"name":"PUT","decl":{"start":{"line":50,"column":22},"end":{"line":50,"column":25}},"loc":{"start":{"line":50,"column":25},"end":{"line":104,"column":null}}},"3":{"name":"(anonymous_11)","decl":{"start":{"line":51,"column":2},"end":{"line":51,"column":22}},"loc":{"start":{"line":52,"column":54},"end":{"line":104,"column":1}}}},"branchMap":{"0":{"loc":{"start":{"line":12,"column":4},"end":{"line":14,"column":5}},"type":"if","locations":[{"start":{"line":12,"column":4},"end":{"line":14,"column":5}},{"start":{},"end":{}}]},"1":{"loc":{"start":{"line":23,"column":4},"end":{"line":25,"column":5}},"type":"if","locations":[{"start":{"line":23,"column":4},"end":{"line":25,"column":5}},{"start":{},"end":{}}]},"2":{"loc":{"start":{"line":32,"column":4},"end":{"line":34,"column":5}},"type":"if","locations":[{"start":{"line":32,"column":4},"end":{"line":34,"column":5}},{"start":{},"end":{}}]},"3":{"loc":{"start":{"line":45,"column":15},"end":{"line":45,"column":71}},"type":"cond-expr","locations":[{"start":{"line":45,"column":40},"end":{"line":45,"column":53}},{"start":{"line":45,"column":56},"end":{"line":45,"column":71}}]},"4":{"loc":{"start":{"line":56,"column":4},"end":{"line":58,"column":5}},"type":"if","locations":[{"start":{"line":56,"column":4},"end":{"line":58,"column":5}},{"start":{},"end":{}}]},"5":{"loc":{"start":{"line":71,"column":4},"end":{"line":73,"column":5}},"type":"if","locations":[{"start":{"line":71,"column":4},"end":{"line":73,"column":5}},{"start":{},"end":{}}]},"6":{"loc":{"start":{"line":77,"column":13},"end":{"line":77,"column":24}},"type":"binary-expr","locations":[{"start":{"line":77,"column":13},"end":{"line":77,"column":18}},{"start":{"line":77,"column":22},"end":{"line":77,"column":24}}]},"7":{"loc":{"start":{"line":78,"column":19},"end":{"line":78,"column":36}},"type":"binary-expr","locations":[{"start":{"line":78,"column":19},"end":{"line":78,"column":30}},{"start":{"line":78,"column":34},"end":{"line":78,"column":36}}]},"8":{"loc":{"start":{"line":79,"column":16},"end":{"line":79,"column":37}},"type":"binary-expr","locations":[{"start":{"line":79,"column":16},"end":{"line":79,"column":24}},{"start":{"line":79,"column":28},"end":{"line":79,"column":37}}]},"9":{"loc":{"start":{"line":80,"column":12},"end":{"line":80,"column":22}},"type":"binary-expr","locations":[{"start":{"line":80,"column":12},"end":{"line":80,"column":16}},{"start":{"line":80,"column":20},"end":{"line":80,"column":22}}]},"10":{"loc":{"start":{"line":81,"column":16},"end":{"line":81,"column":30}},"type":"binary-expr","locations":[{"start":{"line":81,"column":16},"end":{"line":81,"column":24}},{"start":{"line":81,"column":28},"end":{"line":81,"column":30}}]},"11":{"loc":{"start":{"line":82,"column":22},"end":{"line":82,"column":42}},"type":"binary-expr","locations":[{"start":{"line":82,"column":22},"end":{"line":82,"column":36}},{"start":{"line":82,"column":40},"end":{"line":82,"column":42}}]},"12":{"loc":{"start":{"line":83,"column":15},"end":{"line":83,"column":28}},"type":"binary-expr","locations":[{"start":{"line":83,"column":15},"end":{"line":83,"column":22}},{"start":{"line":83,"column":26},"end":{"line":83,"column":28}}]},"13":{"loc":{"start":{"line":101,"column":15},"end":{"line":101,"column":71}},"type":"cond-expr","locations":[{"start":{"line":101,"column":40},"end":{"line":101,"column":53}},{"start":{"line":101,"column":56},"end":{"line":101,"column":71}}]}},"s":{"0":0,"1":0,"2":0,"3":0,"4":0,"5":0,"6":0,"7":0,"8":0,"9":0,"10":0,"11":0,"12":0,"13":0,"14":0,"15":0,"16":0,"17":0,"18":0,"19":0,"20":0,"21":0,"22":0,"23":0,"24":0,"25":0,"26":0,"27":0,"28":0,"29":0,"30":0,"31":0,"32":0,"33":0,"34":0,"35":0,"36":0,"37":0,"38":0},"f":{"0":0,"1":0,"2":0,"3":0},"b":{"0":[0,0],"1":[0,0],"2":[0,0],"3":[0,0],"4":[0,0],"5":[0,0],"6":[0,0],"7":[0,0],"8":[0,0],"9":[0,0],"10":[0,0],"11":[0,0],"12":[0,0],"13":[0,0]}}
,"/workspace/app/api/gallery/ai-tag/route.ts": {"path":"/workspace/app/api/gallery/ai-tag/route.ts","statementMap":{"0":{"start":{"line":15,"column":0},"end":{"line":15,"column":22}},"1":{"start":{"line":1,"column":0},"end":{"line":1,"column":43}},"2":{"start":{"line":16,"column":2},"end":{"line":47,"column":3}},"3":{"start":{"line":17,"column":31},"end":{"line":17,"column":51}},"4":{"start":{"line":19,"column":4},"end":{"line":24,"column":5}},"5":{"start":{"line":20,"column":6},"end":{"line":23,"column":8}},"6":{"start":{"line":27,"column":4},"end":{"line":27,"column":60}},"7":{"start":{"line":27,"column":33},"end":{"line":27,"column":58}},"8":{"start":{"line":30,"column":17},"end":{"line":30,"column":49}},"9":{"start":{"line":31,"column":24},"end":{"line":31,"column":63}},"10":{"start":{"line":33,"column":36},"end":{"line":38,"column":6}},"11":{"start":{"line":40,"column":4},"end":{"line":40,"column":39}},"12":{"start":{"line":42,"column":4},"end":{"line":42,"column":46}},"13":{"start":{"line":43,"column":4},"end":{"line":46,"column":6}},"14":{"start":{"line":51,"column":15},"end":{"line":51,"column":38}},"15":{"start":{"line":53,"column":2},"end":{"line":69,"column":3}},"16":{"start":{"line":54,"column":4},"end":{"line":54,"column":88}},"17":{"start":{"line":55,"column":9},"end":{"line":69,"column":3}},"18":{"start":{"line":56,"column":4},"end":{"line":56,"column":89}},"19":{"start":{"line":57,"column":9},"end":{"line":69,"column":3}},"20":{"start":{"line":58,"column":4},"end":{"line":58,"column":85}},"21":{"start":{"line":59,"column":9},"end":{"line":69,"column":3}},"22":{"start":{"line":60,"column":4},"end":{"line":60,"column":83}},"23":{"start":{"line":61,"column":9},"end":{"line":69,"column":3}},"24":{"start":{"line":62,"column":4},"end":{"line":62,"column":85}},"25":{"start":{"line":63,"column":9},"end":{"line":69,"column":3}},"26":{"start":{"line":64,"column":4},"end":{"line":64,"column":76}},"27":{"start":{"line":65,"column":9},"end":{"line":69,"column":3}},"28":{"start":{"line":66,"column":4},"end":{"line":66,"column":79}},"29":{"start":{"line":68,"column":4},"end":{"line":68,"column":70}},"30":{"start":{"line":73,"column":15},"end":{"line":73,"column":38}},"31":{"start":{"line":75,"column":2},"end":{"line":91,"column":3}},"32":{"start":{"line":76,"column":4},"end":{"line":76,"column":132}},"33":{"start":{"line":77,"column":9},"end":{"line":91,"column":3}},"34":{"start":{"line":78,"column":4},"end":{"line":78,"column":120}},"35":{"start":{"line":79,"column":9},"end":{"line":91,"column":3}},"36":{"start":{"line":80,"column":4},"end":{"line":80,"column":123}},"37":{"start":{"line":81,"column":9},"end":{"line":91,"column":3}},"38":{"start":{"line":82,"column":4},"end":{"line":82,"column":120}},"39":{"start":{"line":83,"column":9},"end":{"line":91,"column":3}},"40":{"start":{"line":84,"column":4},"end":{"line":84,"column":112}},"41":{"start":{"line":85,"column":9},"end":{"line":91,"column":3}},"42":{"start":{"line":86,"column":4},"end":{"line":86,"column":116}},"43":{"start":{"line":87,"column":9},"end":{"line":91,"column":3}},"44":{"start":{"line":88,"column":4},"end":{"line":88,"column":120}},"45":{"start":{"line":90,"column":4},"end":{"line":90,"column":99}}},"fnMap":{"0":{"name":"POST","decl":{"start":{"line":15,"column":22},"end":{"line":15,"column":26}},"loc":{"start":{"line":15,"column":43},"end":{"line":48,"column":null}}},"1":{"name":"(anonymous_9)","decl":{"start":{"line":27,"column":22},"end":{"line":27,"column":29}},"loc":{"start":{"line":27,"column":33},"end":{"line":27,"column":58}}},"2":{"name":"generateMockTags","decl":{"start":{"line":50,"column":9},"end":{"line":50,"column":25}},"loc":{"start":{"line":50,"column":43},"end":{"line":70,"column":1}}},"3":{"name":"generateMockDescription","decl":{"start":{"line":72,"column":9},"end":{"line":72,"column":32}},"loc":{"start":{"line":72,"column":50},"end":{"line":92,"column":1}}}},"branchMap":{"0":{"loc":{"start":{"line":19,"column":4},"end":{"line":24,"column":5}},"type":"if","locations":[{"start":{"line":19,"column":4},"end":{"line":24,"column":5}},{"start":{},"end":{}}]},"1":{"loc":{"start":{"line":53,"column":2},"end":{"line":69,"column":3}},"type":"if","locations":[{"start":{"line":53,"column":2},"end":{"line":69,"column":3}},{"start":{"line":55,"column":9},"end":{"line":69,"column":3}}]},"2":{"loc":{"start":{"line":55,"column":9},"end":{"line":69,"column":3}},"type":"if","locations":[{"start":{"line":55,"column":9},"end":{"line":69,"column":3}},{"start":{"line":57,"column":9},"end":{"line":69,"column":3}}]},"3":{"loc":{"start":{"line":57,"column":9},"end":{"line":69,"column":3}},"type":"if","locations":[{"start":{"line":57,"column":9},"end":{"line":69,"column":3}},{"start":{"line":59,"column":9},"end":{"line":69,"column":3}}]},"4":{"loc":{"start":{"line":59,"column":9},"end":{"line":69,"column":3}},"type":"if","locations":[{"start":{"line":59,"column":9},"end":{"line":69,"column":3}},{"start":{"line":61,"column":9},"end":{"line":69,"column":3}}]},"5":{"loc":{"start":{"line":61,"column":9},"end":{"line":69,"column":3}},"type":"if","locations":[{"start":{"line":61,"column":9},"end":{"line":69,"column":3}},{"start":{"line":63,"column":9},"end":{"line":69,"column":3}}]},"6":{"loc":{"start":{"line":63,"column":9},"end":{"line":69,"column":3}},"type":"if","locations":[{"start":{"line":63,"column":9},"end":{"line":69,"column":3}},{"start":{"line":65,"column":9},"end":{"line":69,"column":3}}]},"7":{"loc":{"start":{"line":65,"column":9},"end":{"line":69,"column":3}},"type":"if","locations":[{"start":{"line":65,"column":9},"end":{"line":69,"column":3}},{"start":{"line":67,"column":9},"end":{"line":69,"column":3}}]},"8":{"loc":{"start":{"line":75,"column":2},"end":{"line":91,"column":3}},"type":"if","locations":[{"start":{"line":75,"column":2},"end":{"line":91,"column":3}},{"start":{"line":77,"column":9},"end":{"line":91,"column":3}}]},"9":{"loc":{"start":{"line":77,"column":9},"end":{"line":91,"column":3}},"type":"if","locations":[{"start":{"line":77,"column":9},"end":{"line":91,"column":3}},{"start":{"line":79,"column":9},"end":{"line":91,"column":3}}]},"10":{"loc":{"start":{"line":79,"column":9},"end":{"line":91,"column":3}},"type":"if","locations":[{"start":{"line":79,"column":9},"end":{"line":91,"column":3}},{"start":{"line":81,"column":9},"end":{"line":91,"column":3}}]},"11":{"loc":{"start":{"line":81,"column":9},"end":{"line":91,"column":3}},"type":"if","locations":[{"start":{"line":81,"column":9},"end":{"line":91,"column":3}},{"start":{"line":83,"column":9},"end":{"line":91,"column":3}}]},"12":{"loc":{"start":{"line":83,"column":9},"end":{"line":91,"column":3}},"type":"if","locations":[{"start":{"line":83,"column":9},"end":{"line":91,"column":3}},{"start":{"line":85,"column":9},"end":{"line":91,"column":3}}]},"13":{"loc":{"start":{"line":85,"column":9},"end":{"line":91,"column":3}},"type":"if","locations":[{"start":{"line":85,"column":9},"end":{"line":91,"column":3}},{"start":{"line":87,"column":9},"end":{"line":91,"column":3}}]},"14":{"loc":{"start":{"line":87,"column":9},"end":{"line":91,"column":3}},"type":"if","locations":[{"start":{"line":87,"column":9},"end":{"line":91,"column":3}},{"start":{"line":89,"column":9},"end":{"line":91,"column":3}}]}},"s":{"0":0,"1":0,"2":0,"3":0,"4":0,"5":0,"6":0,"7":0,"8":0,"9":0,"10":0,"11":0,"12":0,"13":0,"14":0,"15":0,"16":0,"17":0,"18":0,"19":0,"20":0,"21":0,"22":0,"23":0,"24":0,"25":0,"26":0,"27":0,"28":0,"29":0,"30":0,"31":0,"32":0,"33":0,"34":0,"35":0,"36":0,"37":0,"38":0,"39":0,"40":0,"41":0,"42":0,"43":0,"44":0,"45":0},"f":{"0":0,"1":0,"2":0,"3":0},"b":{"0":[0,0],"1":[0,0],"2":[0,0],"3":[0,0],"4":[0,0],"5":[0,0],"6":[0,0],"7":[0,0],"8":[0,0],"9":[0,0],"10":[0,0],"11":[0,0],"12":[0,0],"13":[0,0],"14":[0,0]}}
,"/workspace/app/api/gallery/categories/route.ts": {"path":"/workspace/app/api/gallery/categories/route.ts","statementMap":{"0":{"start":{"line":5,"column":0},"end":{"line":5,"column":22}},"1":{"start":{"line":1,"column":0},"end":{"line":1,"column":43}},"2":{"start":{"line":2,"column":0},"end":{"line":2,"column":32}},"3":{"start":{"line":3,"column":0},"end":{"line":3,"column":24}},"4":{"start":{"line":6,"column":27},"end":{"line":6,"column":77}},"5":{"start":{"line":8,"column":2},"end":{"line":17,"column":3}},"6":{"start":{"line":9,"column":23},"end":{"line":11,"column":43}},"7":{"start":{"line":10,"column":34},"end":{"line":10,"column":54}},"8":{"start":{"line":11,"column":31},"end":{"line":11,"column":42}},"9":{"start":{"line":13,"column":4},"end":{"line":13,"column":41}},"10":{"start":{"line":15,"column":4},"end":{"line":15,"column":63}},"11":{"start":{"line":16,"column":4},"end":{"line":16,"column":95}}},"fnMap":{"0":{"name":"GET","decl":{"start":{"line":5,"column":22},"end":{"line":5,"column":25}},"loc":{"start":{"line":5,"column":25},"end":{"line":18,"column":null}}},"1":{"name":"(anonymous_10)","decl":{"start":{"line":10,"column":14},"end":{"line":10,"column":15}},"loc":{"start":{"line":10,"column":34},"end":{"line":10,"column":54}}},"2":{"name":"(anonymous_11)","decl":{"start":{"line":11,"column":11},"end":{"line":11,"column":12}},"loc":{"start":{"line":11,"column":31},"end":{"line":11,"column":42}}}},"branchMap":{},"s":{"0":0,"1":0,"2":0,"3":0,"4":0,"5":0,"6":0,"7":0,"8":0,"9":0,"10":0,"11":0},"f":{"0":0,"1":0,"2":0},"b":{}}
,"/workspace/app/api/gallery/comments/route.ts": {"path":"/workspace/app/api/gallery/comments/route.ts","statementMap":{"0":{"start":{"line":15,"column":0},"end":{"line":15,"column":22}},"1":{"start":{"line":24,"column":0},"end":{"line":24,"column":22}},"2":{"start":{"line":1,"column":0},"end":{"line":1,"column":43}},"3":{"start":{"line":13,"column":26},"end":{"line":13,"column":28}},"4":{"start":{"line":16,"column":2},"end":{"line":21,"column":3}},"5":{"start":{"line":17,"column":4},"end":{"line":17,"column":39}},"6":{"start":{"line":19,"column":4},"end":{"line":19,"column":53}},"7":{"start":{"line":20,"column":4},"end":{"line":20,"column":85}},"8":{"start":{"line":25,"column":2},"end":{"line":63,"column":3}},"9":{"start":{"line":26,"column":17},"end":{"line":26,"column":37}},"10":{"start":{"line":29,"column":4},"end":{"line":34,"column":5}},"11":{"start":{"line":30,"column":6},"end":{"line":33,"column":8}},"12":{"start":{"line":37,"column":32},"end":{"line":44,"column":6}},"13":{"start":{"line":47,"column":4},"end":{"line":47,"column":30}},"14":{"start":{"line":49,"column":4},"end":{"line":56,"column":6}},"15":{"start":{"line":58,"column":4},"end":{"line":58,"column":51}},"16":{"start":{"line":59,"column":4},"end":{"line":62,"column":6}}},"fnMap":{"0":{"name":"GET","decl":{"start":{"line":15,"column":22},"end":{"line":15,"column":25}},"loc":{"start":{"line":15,"column":25},"end":{"line":22,"column":null}}},"1":{"name":"POST","decl":{"start":{"line":24,"column":22},"end":{"line":24,"column":26}},"loc":{"start":{"line":24,"column":43},"end":{"line":64,"column":null}}}},"branchMap":{"0":{"loc":{"start":{"line":29,"column":4},"end":{"line":34,"column":5}},"type":"if","locations":[{"start":{"line":29,"column":4},"end":{"line":34,"column":5}},{"start":{},"end":{}}]},"1":{"loc":{"start":{"line":29,"column":8},"end":{"line":29,"column":56}},"type":"binary-expr","locations":[{"start":{"line":29,"column":8},"end":{"line":29,"column":23}},{"start":{"line":29,"column":27},"end":{"line":29,"column":39}},{"start":{"line":29,"column":43},"end":{"line":29,"column":56}}]},"2":{"loc":{"start":{"line":43,"column":14},"end":{"line":43,"column":38}},"type":"binary-expr","locations":[{"start":{"line":43,"column":14},"end":{"line":43,"column":25}},{"start":{"line":43,"column":29},"end":{"line":43,"column":38}}]}},"s":{"0":0,"1":0,"2":0,"3":0,"4":0,"5":0,"6":0,"7":0,"8":0,"9":0,"10":0,"11":0,"12":0,"13":0,"14":0,"15":0,"16":0},"f":{"0":0,"1":0},"b":{"0":[0,0],"1":[0,0,0],"2":[0,0]}}
,"/workspace/app/api/gallery/list/route.ts": {"path":"/workspace/app/api/gallery/list/route.ts","statementMap":{"0":{"start":{"line":48,"column":0},"end":{"line":48,"column":22}},"1":{"start":{"line":1,"column":0},"end":{"line":1,"column":42}},"2":{"start":{"line":2,"column":0},"end":{"line":2,"column":19}},"3":{"start":{"line":3,"column":0},"end":{"line":3,"column":23}},"4":{"start":{"line":34,"column":26},"end":{"line":46,"column":null}},"5":{"start":{"line":34,"column":61},"end":{"line":46,"column":null}},"6":{"start":{"line":35,"column":2},"end":{"line":45,"column":3}},"7":{"start":{"line":36,"column":23},"end":{"line":36,"column":86}},"8":{"start":{"line":37,"column":4},"end":{"line":40,"column":5}},"9":{"start":{"line":38,"column":19},"end":{"line":38,"column":55}},"10":{"start":{"line":39,"column":6},"end":{"line":39,"column":null}},"11":{"start":{"line":41,"column":4},"end":{"line":41,"column":null}},"12":{"start":{"line":43,"column":4},"end":{"line":43,"column":null}},"13":{"start":{"line":44,"column":4},"end":{"line":44,"column":null}},"14":{"start":{"line":49,"column":2},"end":{"line":120,"column":3}},"15":{"start":{"line":50,"column":29},"end":{"line":50,"column":85}},"16":{"start":{"line":52,"column":4},"end":{"line":54,"column":5}},"17":{"start":{"line":53,"column":6},"end":{"line":53,"column":null}},"18":{"start":{"line":56,"column":23},"end":{"line":58,"column":33}},"19":{"start":{"line":57,"column":24},"end":{"line":57,"column":44}},"20":{"start":{"line":58,"column":21},"end":{"line":58,"column":32}},"21":{"start":{"line":60,"column":35},"end":{"line":60,"column":37}},"22":{"start":{"line":63,"column":26},"end":{"line":63,"column":51}},"23":{"start":{"line":65,"column":4},"end":{"line":110,"column":5}},"24":{"start":{"line":66,"column":27},"end":{"line":66,"column":64}},"25":{"start":{"line":67,"column":20},"end":{"line":68,"column":77}},"26":{"start":{"line":68,"column":24},"end":{"line":68,"column":76}},"27":{"start":{"line":70,"column":6},"end":{"line":109,"column":7}},"28":{"start":{"line":71,"column":25},"end":{"line":71,"column":54}},"29":{"start":{"line":72,"column":22},"end":{"line":72,"column":43}},"30":{"start":{"line":73,"column":24},"end":{"line":73,"column":54}},"31":{"start":{"line":76,"column":24},"end":{"line":76,"column":45}},"32":{"start":{"line":79,"column":22},"end":{"line":83,"column":49}},"33":{"start":{"line":83,"column":33},"end":{"line":83,"column":48}},"34":{"start":{"line":86,"column":28},"end":{"line":86,"column":76}},"35":{"start":{"line":88,"column":36},"end":{"line":106,"column":null}},"36":{"start":{"line":94,"column":73},"end":{"line":94,"column":88}},"37":{"start":{"line":108,"column":8},"end":{"line":108,"column":null}},"38":{"start":{"line":113,"column":4},"end":{"line":113,"column":null}},"39":{"start":{"line":113,"column":26},"end":{"line":113,"column":93}},"40":{"start":{"line":115,"column":4},"end":{"line":115,"column":null}},"41":{"start":{"line":118,"column":4},"end":{"line":118,"column":null}},"42":{"start":{"line":119,"column":4},"end":{"line":119,"column":null}}},"fnMap":{"0":{"name":"(anonymous_8)","decl":{"start":{"line":34,"column":26},"end":{"line":34,"column":59}},"loc":{"start":{"line":34,"column":61},"end":{"line":46,"column":null}}},"1":{"name":"(anonymous_9)","decl":{"start":{"line":34,"column":61},"end":{"line":34,"column":null}},"loc":{"start":{"line":34,"column":61},"end":{"line":46,"column":1}}},"2":{"name":"GET","decl":{"start":{"line":48,"column":22},"end":{"line":48,"column":25}},"loc":{"start":{"line":48,"column":25},"end":{"line":121,"column":null}}},"3":{"name":"(anonymous_12)","decl":{"start":{"line":57,"column":14},"end":{"line":57,"column":20}},"loc":{"start":{"line":57,"column":24},"end":{"line":57,"column":44}}},"4":{"name":"(anonymous_13)","decl":{"start":{"line":58,"column":11},"end":{"line":58,"column":17}},"loc":{"start":{"line":58,"column":21},"end":{"line":58,"column":32}}},"5":{"name":"(anonymous_14)","decl":{"start":{"line":68,"column":16},"end":{"line":68,"column":20}},"loc":{"start":{"line":68,"column":24},"end":{"line":68,"column":76}}},"6":{"name":"(anonymous_15)","decl":{"start":{"line":83,"column":28},"end":{"line":83,"column":29}},"loc":{"start":{"line":83,"column":33},"end":{"line":83,"column":48}}},"7":{"name":"(anonymous_16)","decl":{"start":{"line":94,"column":68},"end":{"line":94,"column":69}},"loc":{"start":{"line":94,"column":73},"end":{"line":94,"column":88}}},"8":{"name":"(anonymous_17)","decl":{"start":{"line":113,"column":16},"end":{"line":113,"column":17}},"loc":{"start":{"line":113,"column":26},"end":{"line":113,"column":93}}}},"branchMap":{"0":{"loc":{"start":{"line":37,"column":4},"end":{"line":40,"column":5}},"type":"if","locations":[{"start":{"line":37,"column":4},"end":{"line":40,"column":5}},{"start":{},"end":{}}]},"1":{"loc":{"start":{"line":52,"column":4},"end":{"line":54,"column":5}},"type":"if","locations":[{"start":{"line":52,"column":4},"end":{"line":54,"column":5}},{"start":{},"end":{}}]},"2":{"loc":{"start":{"line":86,"column":28},"end":{"line":86,"column":76}},"type":"binary-expr","locations":[{"start":{"line":86,"column":28},"end":{"line":86,"column":50}},{"start":{"line":86,"column":54},"end":{"line":86,"column":76}}]},"3":{"loc":{"start":{"line":90,"column":16},"end":{"line":90,"column":43}},"type":"cond-expr","locations":[{"start":{"line":90,"column":26},"end":{"line":90,"column":33}},{"start":{"line":90,"column":36},"end":{"line":90,"column":43}}]},"4":{"loc":{"start":{"line":93,"column":26},"end":{"line":93,"column":53}},"type":"cond-expr","locations":[{"start":{"line":93,"column":36},"end":{"line":93,"column":43}},{"start":{"line":93,"column":46},"end":{"line":93,"column":53}}]},"5":{"loc":{"start":{"line":95,"column":27},"end":{"line":95,"column":54}},"type":"cond-expr","locations":[{"start":{"line":95,"column":37},"end":{"line":95,"column":44}},{"start":{"line":95,"column":47},"end":{"line":95,"column":54}}]}},"s":{"0":0,"1":0,"2":0,"3":0,"4":0,"5":0,"6":0,"7":0,"8":0,"9":0,"10":0,"11":0,"12":0,"13":0,"14":0,"15":0,"16":0,"17":0,"18":0,"19":0,"20":0,"21":0,"22":0,"23":0,"24":0,"25":0,"26":0,"27":0,"28":0,"29":0,"30":0,"31":0,"32":0,"33":0,"34":0,"35":0,"36":0,"37":0,"38":0,"39":0,"40":0,"41":0,"42":0},"f":{"0":0,"1":0,"2":0,"3":0,"4":0,"5":0,"6":0,"7":0,"8":0},"b":{"0":[0,0],"1":[0,0],"2":[0,0],"3":[0,0],"4":[0,0],"5":[0,0]}}
,"/workspace/app/api/gallery/publish/route.ts": {"path":"/workspace/app/api/gallery/publish/route.ts","statementMap":{"0":{"start":{"line":56,"column":0},"end":{"line":56,"column":22}},"1":{"start":{"line":111,"column":0},"end":{"line":111,"column":22}},"2":{"start":{"line":1,"column":0},"end":{"line":1,"column":55}},"3":{"start":{"line":2,"column":0},"end":{"line":2,"column":56}},"4":{"start":{"line":3,"column":0},"end":{"line":3,"column":31}},"5":{"start":{"line":4,"column":0},"end":{"line":4,"column":23}},"6":{"start":{"line":20,"column":29},"end":{"line":22,"column":1}},"7":{"start":{"line":21,"column":2},"end":{"line":21,"column":null}},"8":{"start":{"line":24,"column":28},"end":{"line":29,"column":null}},"9":{"start":{"line":24,"column":39},"end":{"line":29,"column":null}},"10":{"start":{"line":25,"column":18},"end":{"line":25,"column":50}},"11":{"start":{"line":26,"column":2},"end":{"line":28,"column":3}},"12":{"start":{"line":27,"column":4},"end":{"line":27,"column":null}},"13":{"start":{"line":31,"column":26},"end":{"line":43,"column":null}},"14":{"start":{"line":31,"column":61},"end":{"line":43,"column":null}},"15":{"start":{"line":32,"column":2},"end":{"line":42,"column":3}},"16":{"start":{"line":33,"column":23},"end":{"line":33,"column":45}},"17":{"start":{"line":34,"column":4},"end":{"line":37,"column":5}},"18":{"start":{"line":35,"column":19},"end":{"line":35,"column":54}},"19":{"start":{"line":36,"column":6},"end":{"line":36,"column":null}},"20":{"start":{"line":38,"column":4},"end":{"line":38,"column":null}},"21":{"start":{"line":40,"column":4},"end":{"line":40,"column":null}},"22":{"start":{"line":41,"column":4},"end":{"line":41,"column":null}},"23":{"start":{"line":45,"column":26},"end":{"line":54,"column":null}},"24":{"start":{"line":45,"column":73},"end":{"line":54,"column":null}},"25":{"start":{"line":46,"column":2},"end":{"line":53,"column":3}},"26":{"start":{"line":47,"column":4},"end":{"line":47,"column":null}},"27":{"start":{"line":48,"column":23},"end":{"line":48,"column":45}},"28":{"start":{"line":49,"column":4},"end":{"line":49,"column":null}},"29":{"start":{"line":51,"column":4},"end":{"line":51,"column":null}},"30":{"start":{"line":52,"column":4},"end":{"line":52,"column":null}},"31":{"start":{"line":57,"column":2},"end":{"line":108,"column":3}},"32":{"start":{"line":58,"column":33},"end":{"line":58,"column":53}},"33":{"start":{"line":59,"column":32},"end":{"line":59,"column":36}},"34":{"start":{"line":61,"column":4},"end":{"line":66,"column":5}},"35":{"start":{"line":62,"column":6},"end":{"line":65,"column":null}},"36":{"start":{"line":68,"column":4},"end":{"line":73,"column":5}},"37":{"start":{"line":69,"column":6},"end":{"line":72,"column":null}},"38":{"start":{"line":76,"column":26},"end":{"line":76,"column":51}},"39":{"start":{"line":79,"column":4},"end":{"line":91,"column":5}},"40":{"start":{"line":80,"column":6},"end":{"line":84,"column":null}},"41":{"start":{"line":86,"column":6},"end":{"line":90,"column":null}},"42":{"start":{"line":94,"column":4},"end":{"line":94,"column":null}},"43":{"start":{"line":96,"column":4},"end":{"line":100,"column":null}},"44":{"start":{"line":103,"column":4},"end":{"line":103,"column":null}},"45":{"start":{"line":104,"column":4},"end":{"line":107,"column":null}},"46":{"start":{"line":112,"column":2},"end":{"line":121,"column":3}},"47":{"start":{"line":113,"column":26},"end":{"line":113,"column":51}},"48":{"start":{"line":114,"column":4},"end":{"line":114,"column":null}},"49":{"start":{"line":116,"column":4},"end":{"line":116,"column":null}},"50":{"start":{"line":117,"column":4},"end":{"line":120,"column":null}}},"fnMap":{"0":{"name":"(anonymous_8)","decl":{"start":{"line":20,"column":29},"end":{"line":20,"column":32}},"loc":{"start":{"line":20,"column":34},"end":{"line":22,"column":1}}},"1":{"name":"(anonymous_9)","decl":{"start":{"line":24,"column":28},"end":{"line":24,"column":37}},"loc":{"start":{"line":24,"column":39},"end":{"line":29,"column":null}}},"2":{"name":"(anonymous_10)","decl":{"start":{"line":24,"column":39},"end":{"line":24,"column":null}},"loc":{"start":{"line":24,"column":39},"end":{"line":29,"column":1}}},"3":{"name":"(anonymous_11)","decl":{"start":{"line":31,"column":26},"end":{"line":31,"column":59}},"loc":{"start":{"line":31,"column":61},"end":{"line":43,"column":null}}},"4":{"name":"(anonymous_12)","decl":{"start":{"line":31,"column":61},"end":{"line":31,"column":null}},"loc":{"start":{"line":31,"column":61},"end":{"line":43,"column":1}}},"5":{"name":"(anonymous_13)","decl":{"start":{"line":45,"column":26},"end":{"line":45,"column":33}},"loc":{"start":{"line":45,"column":73},"end":{"line":54,"column":null}}},"6":{"name":"(anonymous_14)","decl":{"start":{"line":45,"column":73},"end":{"line":45,"column":null}},"loc":{"start":{"line":45,"column":73},"end":{"line":54,"column":1}}},"7":{"name":"POST","decl":{"start":{"line":56,"column":22},"end":{"line":56,"column":26}},"loc":{"start":{"line":56,"column":47},"end":{"line":109,"column":null}}},"8":{"name":"GET","decl":{"start":{"line":111,"column":22},"end":{"line":111,"column":25}},"loc":{"start":{"line":111,"column":25},"end":{"line":122,"column":null}}}},"branchMap":{"0":{"loc":{"start":{"line":26,"column":2},"end":{"line":28,"column":3}},"type":"if","locations":[{"start":{"line":26,"column":2},"end":{"line":28,"column":3}},{"start":{},"end":{}}]},"1":{"loc":{"start":{"line":34,"column":4},"end":{"line":37,"column":5}},"type":"if","locations":[{"start":{"line":34,"column":4},"end":{"line":37,"column":5}},{"start":{},"end":{}}]},"2":{"loc":{"start":{"line":61,"column":4},"end":{"line":66,"column":5}},"type":"if","locations":[{"start":{"line":61,"column":4},"end":{"line":66,"column":5}},{"start":{},"end":{}}]},"3":{"loc":{"start":{"line":61,"column":8},"end":{"line":61,"column":27}},"type":"binary-expr","locations":[{"start":{"line":61,"column":8},"end":{"line":61,"column":16}},{"start":{"line":61,"column":20},"end":{"line":61,"column":27}}]},"4":{"loc":{"start":{"line":68,"column":4},"end":{"line":73,"column":5}},"type":"if","locations":[{"start":{"line":68,"column":4},"end":{"line":73,"column":5}},{"start":{},"end":{}}]},"5":{"loc":{"start":{"line":79,"column":4},"end":{"line":91,"column":5}},"type":"if","locations":[{"start":{"line":79,"column":4},"end":{"line":91,"column":5}},{"start":{"line":85,"column":11},"end":{"line":91,"column":5}}]}},"s":{"0":0,"1":0,"2":0,"3":0,"4":0,"5":0,"6":0,"7":0,"8":0,"9":0,"10":0,"11":0,"12":0,"13":0,"14":0,"15":0,"16":0,"17":0,"18":0,"19":0,"20":0,"21":0,"22":0,"23":0,"24":0,"25":0,"26":0,"27":0,"28":0,"29":0,"30":0,"31":0,"32":0,"33":0,"34":0,"35":0,"36":0,"37":0,"38":0,"39":0,"40":0,"41":0,"42":0,"43":0,"44":0,"45":0,"46":0,"47":0,"48":0,"49":0,"50":0},"f":{"0":0,"1":0,"2":0,"3":0,"4":0,"5":0,"6":0,"7":0,"8":0},"b":{"0":[0,0],"1":[0,0],"2":[0,0],"3":[0,0],"4":[0,0],"5":[0,0]}}
,"/workspace/app/api/gallery/upload/route.ts": {"path":"/workspace/app/api/gallery/upload/route.ts","statementMap":{"0":{"start":{"line":6,"column":0},"end":{"line":6,"column":22}},"1":{"start":{"line":1,"column":0},"end":{"line":1,"column":55}},"2":{"start":{"line":2,"column":0},"end":{"line":2,"column":46}},"3":{"start":{"line":3,"column":0},"end":{"line":3,"column":31}},"4":{"start":{"line":4,"column":0},"end":{"line":4,"column":23}},"5":{"start":{"line":7,"column":2},"end":{"line":65,"column":3}},"6":{"start":{"line":8,"column":21},"end":{"line":8,"column":45}},"7":{"start":{"line":9,"column":18},"end":{"line":9,"column":47}},"8":{"start":{"line":10,"column":21},"end":{"line":10,"column":68}},"9":{"start":{"line":11,"column":24},"end":{"line":11,"column":67}},"10":{"start":{"line":13,"column":4},"end":{"line":15,"column":5}},"11":{"start":{"line":14,"column":6},"end":{"line":14,"column":null}},"12":{"start":{"line":18,"column":25},"end":{"line":18,"column":92}},"13":{"start":{"line":19,"column":4},"end":{"line":21,"column":5}},"14":{"start":{"line":20,"column":6},"end":{"line":20,"column":null}},"15":{"start":{"line":24,"column":23},"end":{"line":24,"column":79}},"16":{"start":{"line":25,"column":24},"end":{"line":25,"column":55}},"17":{"start":{"line":27,"column":4},"end":{"line":29,"column":5}},"18":{"start":{"line":28,"column":6},"end":{"line":28,"column":null}},"19":{"start":{"line":31,"column":4},"end":{"line":33,"column":5}},"20":{"start":{"line":32,"column":6},"end":{"line":32,"column":null}},"21":{"start":{"line":36,"column":22},"end":{"line":36,"column":32}},"22":{"start":{"line":37,"column":25},"end":{"line":37,"column":56}},"23":{"start":{"line":38,"column":22},"end":{"line":38,"column":46}},"24":{"start":{"line":39,"column":21},"end":{"line":39,"column":63}},"25":{"start":{"line":40,"column":21},"end":{"line":40,"column":53}},"26":{"start":{"line":43,"column":18},"end":{"line":43,"column":43}},"27":{"start":{"line":44,"column":19},"end":{"line":44,"column":37}},"28":{"start":{"line":45,"column":4},"end":{"line":45,"column":null}},"29":{"start":{"line":48,"column":20},"end":{"line":48,"column":62}},"30":{"start":{"line":50,"column":4},"end":{"line":57,"column":null}},"31":{"start":{"line":60,"column":4},"end":{"line":60,"column":null}},"32":{"start":{"line":61,"column":4},"end":{"line":64,"column":null}}},"fnMap":{"0":{"name":"POST","decl":{"start":{"line":6,"column":22},"end":{"line":6,"column":26}},"loc":{"start":{"line":6,"column":47},"end":{"line":66,"column":null}}}},"branchMap":{"0":{"loc":{"start":{"line":10,"column":21},"end":{"line":10,"column":68}},"type":"binary-expr","locations":[{"start":{"line":10,"column":21},"end":{"line":10,"column":55}},{"start":{"line":10,"column":59},"end":{"line":10,"column":68}}]},"1":{"loc":{"start":{"line":11,"column":24},"end":{"line":11,"column":67}},"type":"binary-expr","locations":[{"start":{"line":11,"column":24},"end":{"line":11,"column":61}},{"start":{"line":11,"column":65},"end":{"line":11,"column":67}}]},"2":{"loc":{"start":{"line":13,"column":4},"end":{"line":15,"column":5}},"type":"if","locations":[{"start":{"line":13,"column":4},"end":{"line":15,"column":5}},{"start":{},"end":{}}]},"3":{"loc":{"start":{"line":19,"column":4},"end":{"line":21,"column":5}},"type":"if","locations":[{"start":{"line":19,"column":4},"end":{"line":21,"column":5}},{"start":{},"end":{}}]},"4":{"loc":{"start":{"line":27,"column":4},"end":{"line":29,"column":5}},"type":"if","locations":[{"start":{"line":27,"column":4},"end":{"line":29,"column":5}},{"start":{},"end":{}}]},"5":{"loc":{"start":{"line":31,"column":4},"end":{"line":33,"column":5}},"type":"if","locations":[{"start":{"line":31,"column":4},"end":{"line":33,"column":5}},{"start":{},"end":{}}]}},"s":{"0":0,"1":0,"2":0,"3":0,"4":0,"5":0,"6":0,"7":0,"8":0,"9":0,"10":0,"11":0,"12":0,"13":0,"14":0,"15":0,"16":0,"17":0,"18":0,"19":0,"20":0,"21":0,"22":0,"23":0,"24":0,"25":0,"26":0,"27":0,"28":0,"29":0,"30":0,"31":0,"32":0},"f":{"0":0},"b":{"0":[0,0],"1":[0,0],"2":[0,0],"3":[0,0],"4":[0,0],"5":[0,0]}}
,"/workspace/app/api/health/route.ts": {"path":"/workspace/app/api/health/route.ts","statementMap":{"0":{"start":{"line":3,"column":0},"end":{"line":3,"column":22}},"1":{"start":{"line":1,"column":0},"end":{"line":1,"column":43}},"2":{"start":{"line":4,"column":2},"end":{"line":32,"column":3}},"3":{"start":{"line":6,"column":25},"end":{"line":20,"column":6}},"4":{"start":{"line":22,"column":4},"end":{"line":22,"column":43}},"5":{"start":{"line":24,"column":4},"end":{"line":31,"column":6}}},"fnMap":{"0":{"name":"GET","decl":{"start":{"line":3,"column":22},"end":{"line":3,"column":25}},"loc":{"start":{"line":3,"column":25},"end":{"line":33,"column":null}}}},"branchMap":{"0":{"loc":{"start":{"line":10,"column":15},"end":{"line":10,"column":57}},"type":"binary-expr","locations":[{"start":{"line":10,"column":15},"end":{"line":10,"column":46}},{"start":{"line":10,"column":50},"end":{"line":10,"column":57}}]},"1":{"loc":{"start":{"line":11,"column":19},"end":{"line":11,"column":56}},"type":"binary-expr","locations":[{"start":{"line":11,"column":19},"end":{"line":11,"column":39}},{"start":{"line":11,"column":43},"end":{"line":11,"column":56}}]},"2":{"loc":{"start":{"line":27,"column":15},"end":{"line":27,"column":71}},"type":"cond-expr","locations":[{"start":{"line":27,"column":40},"end":{"line":27,"column":53}},{"start":{"line":27,"column":56},"end":{"line":27,"column":71}}]}},"s":{"0":0,"1":0,"2":0,"3":0,"4":0,"5":0},"f":{"0":0},"b":{"0":[0,0],"1":[0,0],"2":[0,0]}}
,"/workspace/app/api/rooms/route.ts": {"path":"/workspace/app/api/rooms/route.ts","statementMap":{"0":{"start":{"line":21,"column":0},"end":{"line":21,"column":22}},"1":{"start":{"line":1,"column":0},"end":{"line":1,"column":43}},"2":{"start":{"line":22,"column":2},"end":{"line":155,"column":3}},"3":{"start":{"line":24,"column":30},"end":{"line":149,"column":6}},"4":{"start":{"line":151,"column":4},"end":{"line":151,"column":40}},"5":{"start":{"line":153,"column":4},"end":{"line":153,"column":55}},"6":{"start":{"line":154,"column":4},"end":{"line":154,"column":87}}},"fnMap":{"0":{"name":"GET","decl":{"start":{"line":21,"column":22},"end":{"line":21,"column":25}},"loc":{"start":{"line":21,"column":25},"end":{"line":156,"column":null}}}},"branchMap":{},"s":{"0":0,"1":0,"2":0,"3":0,"4":0,"5":0,"6":0},"f":{"0":0},"b":{}}
,"/workspace/components/brand.ts": {"path":"/workspace/components/brand.ts","statementMap":{"0":{"start":{"line":2,"column":13},"end":{"line":7,"column":2}},"1":{"start":{"line":9,"column":13},"end":{"line":13,"column":2}}},"fnMap":{},"branchMap":{},"s":{"0":0,"1":0},"f":{},"b":{}}
,"/workspace/components/ui/aspect-ratio.tsx": {"path":"/workspace/components/ui/aspect-ratio.tsx","statementMap":{"0":{"start":{"line":3,"column":0},"end":{"line":3,"column":68}},"1":{"start":{"line":5,"column":20},"end":{"line":5,"column":45}},"2":{"start":{"line":7,"column":9},"end":{"line":7,"column":20}}},"fnMap":{},"branchMap":{},"s":{"0":0,"1":0,"2":0},"f":{},"b":{}}
,"/workspace/components/ui/collapsible.tsx": {"path":"/workspace/components/ui/collapsible.tsx","statementMap":{"0":{"start":{"line":3,"column":0},"end":{"line":3,"column":67}},"1":{"start":{"line":5,"column":20},"end":{"line":5,"column":45}},"2":{"start":{"line":11,"column":9},"end":{"line":11,"column":20}},"3":{"start":{"line":7,"column":27},"end":{"line":7,"column":66}},"4":{"start":{"line":11,"column":22},"end":{"line":11,"column":40}},"5":{"start":{"line":9,"column":27},"end":{"line":9,"column":66}},"6":{"start":{"line":11,"column":42},"end":{"line":11,"column":60}}},"fnMap":{},"branchMap":{},"s":{"0":0,"1":0,"2":0,"3":0,"4":0,"5":0,"6":0},"f":{},"b":{}}
,"/workspace/components/ui/use-mobile.tsx": {"path":"/workspace/components/ui/use-mobile.tsx","statementMap":{"0":{"start":{"line":5,"column":0},"end":{"line":5,"column":16}},"1":{"start":{"line":1,"column":0},"end":{"line":1,"column":30}},"2":{"start":{"line":3,"column":26},"end":{"line":3,"column":29}},"3":{"start":{"line":6,"column":34},"end":{"line":6,"column":80}},"4":{"start":{"line":8,"column":2},"end":{"line":16,"column":null}},"5":{"start":{"line":9,"column":16},"end":{"line":9,"column":76}},"6":{"start":{"line":10,"column":21},"end":{"line":12,"column":5}},"7":{"start":{"line":11,"column":6},"end":{"line":11,"column":null}},"8":{"start":{"line":13,"column":4},"end":{"line":13,"column":null}},"9":{"start":{"line":14,"column":4},"end":{"line":14,"column":null}},"10":{"start":{"line":15,"column":4},"end":{"line":15,"column":null}},"11":{"start":{"line":15,"column":17},"end":{"line":15,"column":60}},"12":{"start":{"line":18,"column":2},"end":{"line":18,"column":null}}},"fnMap":{"0":{"name":"useIsMobile","decl":{"start":{"line":5,"column":16},"end":{"line":5,"column":27}},"loc":{"start":{"line":5,"column":27},"end":{"line":19,"column":1}}},"1":{"name":"(anonymous_10)","decl":{"start":{"line":8,"column":18},"end":{"line":8,"column":21}},"loc":{"start":{"line":8,"column":23},"end":{"line":16,"column":3}}},"2":{"name":"(anonymous_11)","decl":{"start":{"line":10,"column":21},"end":{"line":10,"column":24}},"loc":{"start":{"line":10,"column":26},"end":{"line":12,"column":5}}},"3":{"name":"(anonymous_12)","decl":{"start":{"line":15,"column":11},"end":{"line":15,"column":14}},"loc":{"start":{"line":15,"column":17},"end":{"line":15,"column":60}}}},"branchMap":{},"s":{"0":0,"1":0,"2":0,"3":0,"4":0,"5":0,"6":0,"7":0,"8":0,"9":0,"10":0,"11":0,"12":0},"f":{"0":0,"1":0,"2":0,"3":0},"b":{}}
,"/workspace/components/ui/use-toast.ts": {"path":"/workspace/components/ui/use-toast.ts","statementMap":{"0":{"start":{"line":194,"column":9},"end":{"line":194,"column":17}},"1":{"start":{"line":194,"column":19},"end":{"line":194,"column":24}},"2":{"start":{"line":4,"column":0},"end":{"line":4,"column":30}},"3":{"start":{"line":11,"column":20},"end":{"line":11,"column":21}},"4":{"start":{"line":12,"column":27},"end":{"line":12,"column":34}},"5":{"start":{"line":21,"column":20},"end":{"line":26,"column":null}},"6":{"start":{"line":28,"column":12},"end":{"line":28,"column":13}},"7":{"start":{"line":31,"column":2},"end":{"line":31,"column":null}},"8":{"start":{"line":32,"column":2},"end":{"line":32,"column":null}},"9":{"start":{"line":59,"column":22},"end":{"line":59,"column":70}},"10":{"start":{"line":61,"column":25},"end":{"line":75,"column":1}},"11":{"start":{"line":62,"column":2},"end":{"line":64,"column":3}},"12":{"start":{"line":63,"column":4},"end":{"line":63,"column":10}},"13":{"start":{"line":66,"column":18},"end":{"line":72,"column":24}},"14":{"start":{"line":67,"column":4},"end":{"line":67,"column":null}},"15":{"start":{"line":68,"column":4},"end":{"line":71,"column":null}},"16":{"start":{"line":74,"column":2},"end":{"line":74,"column":null}},"17":{"start":{"line":77,"column":23},"end":{"line":130,"column":1}},"18":{"start":{"line":78,"column":2},"end":{"line":129,"column":3}},"19":{"start":{"line":80,"column":6},"end":{"line":82,"column":null}},"20":{"start":{"line":86,"column":6},"end":{"line":90,"column":null}},"21":{"start":{"line":89,"column":10},"end":{"line":89,"column":66}},"22":{"start":{"line":94,"column":26},"end":{"line":94,"column":32}},"23":{"start":{"line":98,"column":6},"end":{"line":104,"column":7}},"24":{"start":{"line":99,"column":8},"end":{"line":99,"column":null}},"25":{"start":{"line":101,"column":8},"end":{"line":103,"column":null}},"26":{"start":{"line":102,"column":10},"end":{"line":102,"column":null}},"27":{"start":{"line":106,"column":6},"end":{"line":115,"column":null}},"28":{"start":{"line":109,"column":10},"end":{"line":114,"column":15}},"29":{"start":{"line":119,"column":6},"end":{"line":124,"column":7}},"30":{"start":{"line":120,"column":8},"end":{"line":122,"column":null}},"31":{"start":{"line":125,"column":6},"end":{"line":127,"column":null}},"32":{"start":{"line":127,"column":43},"end":{"line":127,"column":66}},"33":{"start":{"line":77,"column":13},"end":{"line":77,"column":23}},"34":{"start":{"line":132,"column":49},"end":{"line":132,"column":51}},"35":{"start":{"line":134,"column":25},"end":{"line":134,"column":39}},"36":{"start":{"line":137,"column":2},"end":{"line":137,"column":null}},"37":{"start":{"line":138,"column":2},"end":{"line":140,"column":null}},"38":{"start":{"line":139,"column":4},"end":{"line":139,"column":null}},"39":{"start":{"line":145,"column":25},"end":{"line":145,"column":34}},"40":{"start":{"line":146,"column":13},"end":{"line":146,"column":20}},"41":{"start":{"line":148,"column":17},"end":{"line":152,"column":6}},"42":{"start":{"line":149,"column":4},"end":{"line":152,"column":6}},"43":{"start":{"line":153,"column":18},"end":{"line":153,"column":72}},"44":{"start":{"line":153,"column":24},"end":{"line":153,"column":72}},"45":{"start":{"line":155,"column":2},"end":{"line":165,"column":null}},"46":{"start":{"line":162,"column":8},"end":{"line":162,"column":null}},"47":{"start":{"line":162,"column":19},"end":{"line":162,"column":null}},"48":{"start":{"line":167,"column":2},"end":{"line":171,"column":null}},"49":{"start":{"line":175,"column":28},"end":{"line":175,"column":62}},"50":{"start":{"line":177,"column":2},"end":{"line":185,"column":null}},"51":{"start":{"line":178,"column":4},"end":{"line":178,"column":null}},"52":{"start":{"line":179,"column":4},"end":{"line":184,"column":null}},"53":{"start":{"line":180,"column":20},"end":{"line":180,"column":47}},"54":{"start":{"line":181,"column":6},"end":{"line":183,"column":7}},"55":{"start":{"line":182,"column":8},"end":{"line":182,"column":null}},"56":{"start":{"line":187,"column":2},"end":{"line":190,"column":null}},"57":{"start":{"line":190,"column":35},"end":{"line":190,"column":79}}},"fnMap":{"0":{"name":"genId","decl":{"start":{"line":30,"column":9},"end":{"line":30,"column":14}},"loc":{"start":{"line":30,"column":14},"end":{"line":33,"column":1}}},"1":{"name":"(anonymous_11)","decl":{"start":{"line":61,"column":25},"end":{"line":61,"column":26}},"loc":{"start":{"line":61,"column":45},"end":{"line":75,"column":1}}},"2":{"name":"(anonymous_12)","decl":{"start":{"line":66,"column":29},"end":{"line":66,"column":32}},"loc":{"start":{"line":66,"column":34},"end":{"line":72,"column":3}}},"3":{"name":"(anonymous_13)","decl":{"start":{"line":77,"column":23},"end":{"line":77,"column":24}},"loc":{"start":{"line":77,"column":63},"end":{"line":130,"column":1}}},"4":{"name":"(anonymous_14)","decl":{"start":{"line":88,"column":33},"end":{"line":88,"column":34}},"loc":{"start":{"line":89,"column":10},"end":{"line":89,"column":66}}},"5":{"name":"(anonymous_15)","decl":{"start":{"line":101,"column":29},"end":{"line":101,"column":30}},"loc":{"start":{"line":101,"column":39},"end":{"line":103,"column":9}}},"6":{"name":"(anonymous_16)","decl":{"start":{"line":108,"column":33},"end":{"line":108,"column":34}},"loc":{"start":{"line":109,"column":10},"end":{"line":114,"column":15}}},"7":{"name":"(anonymous_17)","decl":{"start":{"line":127,"column":36},"end":{"line":127,"column":37}},"loc":{"start":{"line":127,"column":43},"end":{"line":127,"column":66}}},"8":{"name":"dispatch","decl":{"start":{"line":136,"column":9},"end":{"line":136,"column":17}},"loc":{"start":{"line":136,"column":32},"end":{"line":141,"column":1}}},"9":{"name":"(anonymous_19)","decl":{"start":{"line":138,"column":20},"end":{"line":138,"column":21}},"loc":{"start":{"line":138,"column":33},"end":{"line":140,"column":3}}},"10":{"name":"toast","decl":{"start":{"line":145,"column":9},"end":{"line":145,"column":14}},"loc":{"start":{"line":145,"column":34},"end":{"line":172,"column":1}}},"11":{"name":"(anonymous_21)","decl":{"start":{"line":148,"column":17},"end":{"line":148,"column":18}},"loc":{"start":{"line":149,"column":4},"end":{"line":152,"column":6}}},"12":{"name":"(anonymous_22)","decl":{"start":{"line":153,"column":18},"end":{"line":153,"column":21}},"loc":{"start":{"line":153,"column":24},"end":{"line":153,"column":72}}},"13":{"name":"(anonymous_23)","decl":{"start":{"line":161,"column":20},"end":{"line":161,"column":21}},"loc":{"start":{"line":161,"column":29},"end":{"line":163,"column":7}}},"14":{"name":"useToast","decl":{"start":{"line":174,"column":9},"end":{"line":174,"column":17}},"loc":{"start":{"line":174,"column":17},"end":{"line":192,"column":1}}},"15":{"name":"(anonymous_25)","decl":{"start":{"line":177,"column":18},"end":{"line":177,"column":21}},"loc":{"start":{"line":177,"column":23},"end":{"line":185,"column":3}}},"16":{"name":"(anonymous_26)","decl":{"start":{"line":179,"column":11},"end":{"line":179,"column":14}},"loc":{"start":{"line":179,"column":16},"end":{"line":184,"column":5}}},"17":{"name":"(anonymous_27)","decl":{"start":{"line":190,"column":13},"end":{"line":190,"column":14}},"loc":{"start":{"line":190,"column":35},"end":{"line":190,"column":79}}}},"branchMap":{"0":{"loc":{"start":{"line":62,"column":2},"end":{"line":64,"column":3}},"type":"if","locations":[{"start":{"line":62,"column":2},"end":{"line":64,"column":3}},{"start":{},"end":{}}]},"1":{"loc":{"start":{"line":78,"column":2},"end":{"line":129,"column":3}},"type":"switch","locations":[{"start":{"line":79,"column":4},"end":{"line":82,"column":null}},{"start":{"line":85,"column":4},"end":{"line":90,"column":null}},{"start":{"line":93,"column":4},"end":{"line":117,"column":5}},{"start":{"line":118,"column":4},"end":{"line":127,"column":null}}]},"2":{"loc":{"start":{"line":89,"column":10},"end":{"line":89,"column":66}},"type":"cond-expr","locations":[{"start":{"line":89,"column":36},"end":{"line":89,"column":63}},{"start":{"line":89,"column":65},"end":{"line":89,"column":66}}]},"3":{"loc":{"start":{"line":98,"column":6},"end":{"line":104,"column":7}},"type":"if","locations":[{"start":{"line":98,"column":6},"end":{"line":104,"column":7}},{"start":{"line":100,"column":13},"end":{"line":104,"column":7}}]},"4":{"loc":{"start":{"line":109,"column":10},"end":{"line":114,"column":15}},"type":"cond-expr","locations":[{"start":{"line":110,"column":13},"end":{"line":112,"column":null}},{"start":{"line":114,"column":14},"end":{"line":114,"column":15}}]},"5":{"loc":{"start":{"line":109,"column":10},"end":{"line":109,"column":51}},"type":"binary-expr","locations":[{"start":{"line":109,"column":10},"end":{"line":109,"column":26}},{"start":{"line":109,"column":30},"end":{"line":109,"column":51}}]},"6":{"loc":{"start":{"line":119,"column":6},"end":{"line":124,"column":7}},"type":"if","locations":[{"start":{"line":119,"column":6},"end":{"line":124,"column":7}},{"start":{},"end":{}}]},"7":{"loc":{"start":{"line":162,"column":8},"end":{"line":162,"column":null}},"type":"if","locations":[{"start":{"line":162,"column":8},"end":{"line":162,"column":null}},{"start":{},"end":{}}]},"8":{"loc":{"start":{"line":181,"column":6},"end":{"line":183,"column":7}},"type":"if","locations":[{"start":{"line":181,"column":6},"end":{"line":183,"column":7}},{"start":{},"end":{}}]}},"s":{"0":0,"1":0,"2":0,"3":0,"4":0,"5":0,"6":0,"7":0,"8":0,"9":0,"10":0,"11":0,"12":0,"13":0,"14":0,"15":0,"16":0,"17":0,"18":0,"19":0,"20":0,"21":0,"22":0,"23":0,"24":0,"25":0,"26":0,"27":0,"28":0,"29":0,"30":0,"31":0,"32":0,"33":0,"34":0,"35":0,"36":0,"37":0,"38":0,"39":0,"40":0,"41":0,"42":0,"43":0,"44":0,"45":0,"46":0,"47":0,"48":0,"49":0,"50":0,"51":0,"52":0,"53":0,"54":0,"55":0,"56":0,"57":0},"f":{"0":0,"1":0,"2":0,"3":0,"4":0,"5":0,"6":0,"7":0,"8":0,"9":0,"10":0,"11":0,"12":0,"13":0,"14":0,"15":0,"16":0,"17":0},"b":{"0":[0,0],"1":[0,0,0,0],"2":[0,0],"3":[0,0],"4":[0,0],"5":[0,0],"6":[0,0],"7":[0,0],"8":[0,0]}}
,"/workspace/lib/gallery.ts": {"path":"/workspace/lib/gallery.ts","statementMap":{"0":{"start":{"line":6,"column":0},"end":{"line":6,"column":22}},"1":{"start":{"line":1,"column":0},"end":{"line":1,"column":29}},"2":{"start":{"line":2,"column":0},"end":{"line":2,"column":41}},"3":{"start":{"line":7,"column":2},"end":{"line":14,"column":3}},"4":{"start":{"line":8,"column":14},"end":{"line":8,"column":62}},"5":{"start":{"line":9,"column":16},"end":{"line":9,"column":44}},"6":{"start":{"line":10,"column":16},"end":{"line":10,"column":48}},"7":{"start":{"line":11,"column":4},"end":{"line":11,"column":41}},"8":{"start":{"line":13,"column":4},"end":{"line":13,"column":14}}},"fnMap":{"0":{"name":"getStaticGallery","decl":{"start":{"line":6,"column":22},"end":{"line":6,"column":38}},"loc":{"start":{"line":6,"column":38},"end":{"line":15,"column":null}}}},"branchMap":{"0":{"loc":{"start":{"line":11,"column":11},"end":{"line":11,"column":40}},"type":"cond-expr","locations":[{"start":{"line":11,"column":32},"end":{"line":11,"column":35}},{"start":{"line":11,"column":38},"end":{"line":11,"column":40}}]}},"s":{"0":0,"1":0,"2":0,"3":0,"4":0,"5":0,"6":0,"7":0,"8":0},"f":{"0":0},"b":{"0":[0,0]}}
,"/workspace/lib/intlPhone.ts": {"path":"/workspace/lib/intlPhone.ts","statementMap":{"0":{"start":{"line":1,"column":0},"end":{"line":1,"column":16}},"1":{"start":{"line":8,"column":0},"end":{"line":8,"column":16}},"2":{"start":{"line":12,"column":0},"end":{"line":12,"column":16}},"3":{"start":{"line":3,"column":12},"end":{"line":3,"column":45}},"4":{"start":{"line":4,"column":2},"end":{"line":4,"column":59}},"5":{"start":{"line":4,"column":26},"end":{"line":4,"column":59}},"6":{"start":{"line":5,"column":2},"end":{"line":5,"column":33}},"7":{"start":{"line":9,"column":2},"end":{"line":9,"column":49}},"8":{"start":{"line":13,"column":12},"end":{"line":13,"column":61}},"9":{"start":{"line":14,"column":2},"end":{"line":14,"column":34}}},"fnMap":{"0":{"name":"toE164","decl":{"start":{"line":1,"column":16},"end":{"line":1,"column":22}},"loc":{"start":{"line":1,"column":34},"end":{"line":6,"column":1}}},"1":{"name":"telHref","decl":{"start":{"line":8,"column":16},"end":{"line":8,"column":23}},"loc":{"start":{"line":8,"column":35},"end":{"line":10,"column":1}}},"2":{"name":"mailto","decl":{"start":{"line":12,"column":16},"end":{"line":12,"column":22}},"loc":{"start":{"line":12,"column":69},"end":{"line":15,"column":1}}}},"branchMap":{"0":{"loc":{"start":{"line":4,"column":2},"end":{"line":4,"column":59}},"type":"if","locations":[{"start":{"line":4,"column":2},"end":{"line":4,"column":59}},{"start":{},"end":{}}]}},"s":{"0":1,"1":1,"2":1,"3":5,"4":5,"5":2,"6":3,"7":2,"8":2,"9":2},"f":{"0":5,"1":2,"2":2},"b":{"0":[2,3]}}
,"/workspace/lib/pricing-rules.ts": {"path":"/workspace/lib/pricing-rules.ts","statementMap":{"0":{"start":{"line":6,"column":0},"end":{"line":6,"column":16}},"1":{"start":{"line":10,"column":0},"end":{"line":10,"column":16}},"2":{"start":{"line":16,"column":0},"end":{"line":16,"column":16}},"3":{"start":{"line":2,"column":13},"end":{"line":2,"column":34}},"4":{"start":{"line":3,"column":13},"end":{"line":3,"column":32}},"5":{"start":{"line":4,"column":13},"end":{"line":4,"column":34}},"6":{"start":{"line":7,"column":10},"end":{"line":7,"column":21}},"7":{"start":{"line":7,"column":33},"end":{"line":7,"column":43}},"8":{"start":{"line":8,"column":2},"end":{"line":8,"column":31}},"9":{"start":{"line":8,"column":32},"end":{"line":8,"column":52}},"10":{"start":{"line":8,"column":53},"end":{"line":8,"column":62}},"11":{"start":{"line":11,"column":17},"end":{"line":11,"column":40}},"12":{"start":{"line":12,"column":19},"end":{"line":12,"column":67}},"13":{"start":{"line":13,"column":2},"end":{"line":13,"column":54}},"14":{"start":{"line":17,"column":16},"end":{"line":17,"column":33}},"15":{"start":{"line":18,"column":18},"end":{"line":18,"column":54}},"16":{"start":{"line":20,"column":20},"end":{"line":20,"column":35}},"17":{"start":{"line":21,"column":18},"end":{"line":21,"column":57}},"18":{"start":{"line":22,"column":19},"end":{"line":22,"column":38}},"19":{"start":{"line":24,"column":16},"end":{"line":24,"column":73}},"20":{"start":{"line":25,"column":18},"end":{"line":25,"column":53}},"21":{"start":{"line":27,"column":2},"end":{"line":27,"column":82}}},"fnMap":{"0":{"name":"lastSunday","decl":{"start":{"line":6,"column":16},"end":{"line":6,"column":26}},"loc":{"start":{"line":6,"column":39},"end":{"line":9,"column":1}}},"1":{"name":"inLateWindow","decl":{"start":{"line":10,"column":16},"end":{"line":10,"column":28}},"loc":{"start":{"line":10,"column":41},"end":{"line":14,"column":1}}},"2":{"name":"priceFromWeekly","decl":{"start":{"line":16,"column":16},"end":{"line":16,"column":31}},"loc":{"start":{"line":16,"column":80},"end":{"line":28,"column":1}}}},"branchMap":{"0":{"loc":{"start":{"line":6,"column":27},"end":{"line":6,"column":39}},"type":"default-arg","locations":[{"start":{"line":6,"column":29},"end":{"line":6,"column":39}}]},"1":{"loc":{"start":{"line":10,"column":29},"end":{"line":10,"column":41}},"type":"default-arg","locations":[{"start":{"line":10,"column":31},"end":{"line":10,"column":41}}]},"2":{"loc":{"start":{"line":13,"column":9},"end":{"line":13,"column":53}},"type":"binary-expr","locations":[{"start":{"line":13,"column":9},"end":{"line":13,"column":22}},{"start":{"line":13,"column":26},"end":{"line":13,"column":53}}]},"3":{"loc":{"start":{"line":17,"column":16},"end":{"line":17,"column":33}},"type":"cond-expr","locations":[{"start":{"line":17,"column":16},"end":{"line":17,"column":19}},{"start":{"line":17,"column":23},"end":{"line":17,"column":33}}]},"4":{"loc":{"start":{"line":17,"column":16},"end":{"line":17,"column":23}},"type":"binary-expr","locations":[{"start":{"line":17,"column":16},"end":{"line":17,"column":23}},{"start":{"line":17,"column":16},"end":{"line":17,"column":23}}]},"5":{"loc":{"start":{"line":21,"column":18},"end":{"line":21,"column":57}},"type":"cond-expr","locations":[{"start":{"line":21,"column":40},"end":{"line":21,"column":53}},{"start":{"line":21,"column":56},"end":{"line":21,"column":57}}]}},"s":{"0":0,"1":0,"2":0,"3":0,"4":0,"5":0,"6":0,"7":0,"8":0,"9":0,"10":0,"11":0,"12":0,"13":0,"14":0,"15":0,"16":0,"17":0,"18":0,"19":0,"20":0,"21":0},"f":{"0":0,"1":0,"2":0},"b":{"0":[0],"1":[0],"2":[0,0],"3":[0,0],"4":[0,0],"5":[0,0]}}
,"/workspace/lib/pricing.ts": {"path":"/workspace/lib/pricing.ts","statementMap":{"0":{"start":{"line":7,"column":0},"end":{"line":7,"column":16}},"1":{"start":{"line":8,"column":16},"end":{"line":8,"column":33}},"2":{"start":{"line":9,"column":13},"end":{"line":9,"column":29}},"3":{"start":{"line":12,"column":20},"end":{"line":12,"column":22}},"4":{"start":{"line":13,"column":17},"end":{"line":13,"column":18}},"5":{"start":{"line":15,"column":19},"end":{"line":15,"column":32}},"6":{"start":{"line":16,"column":20},"end":{"line":16,"column":73}},"7":{"start":{"line":18,"column":14},"end":{"line":18,"column":25}},"8":{"start":{"line":19,"column":19},"end":{"line":19,"column":39}},"9":{"start":{"line":20,"column":24},"end":{"line":20,"column":56}},"10":{"start":{"line":22,"column":2},"end":{"line":24,"column":3}},"11":{"start":{"line":23,"column":4},"end":{"line":23,"column":18}},"12":{"start":{"line":26,"column":19},"end":{"line":26,"column":39}},"13":{"start":{"line":27,"column":16},"end":{"line":27,"column":49}},"14":{"start":{"line":28,"column":18},"end":{"line":28,"column":38}},"15":{"start":{"line":30,"column":2},"end":{"line":30,"column":90}},"16":{"start":{"line":33,"column":27},"end":{"line":33,"column":56}}},"fnMap":{"0":{"name":"computeDiscounts","decl":{"start":{"line":7,"column":16},"end":{"line":7,"column":32}},"loc":{"start":{"line":7,"column":66},"end":{"line":31,"column":1}}},"1":{"name":"round2","decl":{"start":{"line":33,"column":9},"end":{"line":33,"column":15}},"loc":{"start":{"line":33,"column":24},"end":{"line":33,"column":58}}}},"branchMap":{"0":{"loc":{"start":{"line":8,"column":16},"end":{"line":8,"column":33}},"type":"cond-expr","locations":[{"start":{"line":8,"column":16},"end":{"line":8,"column":19}},{"start":{"line":8,"column":23},"end":{"line":8,"column":33}}]},"1":{"loc":{"start":{"line":8,"column":16},"end":{"line":8,"column":23}},"type":"binary-expr","locations":[{"start":{"line":8,"column":16},"end":{"line":8,"column":23}},{"start":{"line":8,"column":16},"end":{"line":8,"column":23}}]},"2":{"loc":{"start":{"line":9,"column":13},"end":{"line":9,"column":29}},"type":"cond-expr","locations":[{"start":{"line":9,"column":13},"end":{"line":9,"column":20}},{"start":{"line":9,"column":24},"end":{"line":9,"column":29}}]},"3":{"loc":{"start":{"line":9,"column":13},"end":{"line":9,"column":24}},"type":"binary-expr","locations":[{"start":{"line":9,"column":13},"end":{"line":9,"column":24}},{"start":{"line":9,"column":13},"end":{"line":9,"column":24}}]},"4":{"loc":{"start":{"line":19,"column":19},"end":{"line":19,"column":39}},"type":"binary-expr","locations":[{"start":{"line":19,"column":19},"end":{"line":19,"column":27}},{"start":{"line":19,"column":31},"end":{"line":19,"column":39}}]},"5":{"loc":{"start":{"line":20,"column":24},"end":{"line":20,"column":56}},"type":"binary-expr","locations":[{"start":{"line":20,"column":24},"end":{"line":20,"column":38}},{"start":{"line":20,"column":42},"end":{"line":20,"column":56}}]},"6":{"loc":{"start":{"line":22,"column":2},"end":{"line":24,"column":3}},"type":"if","locations":[{"start":{"line":22,"column":2},"end":{"line":24,"column":3}},{"start":{},"end":{}}]},"7":{"loc":{"start":{"line":22,"column":6},"end":{"line":22,"column":31}},"type":"binary-expr","locations":[{"start":{"line":22,"column":6},"end":{"line":22,"column":14}},{"start":{"line":22,"column":18},"end":{"line":22,"column":31}}]}},"s":{"0":0,"1":0,"2":0,"3":0,"4":0,"5":0,"6":0,"7":0,"8":0,"9":0,"10":0,"11":0,"12":0,"13":0,"14":0,"15":0,"16":0},"f":{"0":0,"1":0},"b":{"0":[0,0],"1":[0,0],"2":[0,0],"3":[0,0],"4":[0,0],"5":[0,0],"6":[0,0],"7":[0,0]}}
,"/workspace/lib/rateLimit.ts": {"path":"/workspace/lib/rateLimit.ts","statementMap":{"0":{"start":{"line":4,"column":0},"end":{"line":4,"column":16}},"1":{"start":{"line":2,"column":14},"end":{"line":2,"column":60}},"2":{"start":{"line":5,"column":14},"end":{"line":5,"column":24}},"3":{"start":{"line":6,"column":17},"end":{"line":6,"column":31}},"4":{"start":{"line":7,"column":2},"end":{"line":10,"column":3}},"5":{"start":{"line":8,"column":4},"end":{"line":8,"column":56}},"6":{"start":{"line":9,"column":4},"end":{"line":9,"column":46}},"7":{"start":{"line":11,"column":2},"end":{"line":11,"column":114}},"8":{"start":{"line":11,"column":29},"end":{"line":11,"column":114}},"9":{"start":{"line":12,"column":2},"end":{"line":12,"column":20}},"10":{"start":{"line":13,"column":2},"end":{"line":13,"column":55}}},"fnMap":{"0":{"name":"rateLimit","decl":{"start":{"line":4,"column":16},"end":{"line":4,"column":25}},"loc":{"start":{"line":4,"column":65},"end":{"line":14,"column":1}}}},"branchMap":{"0":{"loc":{"start":{"line":4,"column":36},"end":{"line":4,"column":46}},"type":"default-arg","locations":[{"start":{"line":4,"column":44},"end":{"line":4,"column":46}}]},"1":{"loc":{"start":{"line":4,"column":48},"end":{"line":4,"column":65}},"type":"default-arg","locations":[{"start":{"line":4,"column":59},"end":{"line":4,"column":65}}]},"2":{"loc":{"start":{"line":7,"column":2},"end":{"line":10,"column":3}},"type":"if","locations":[{"start":{"line":7,"column":2},"end":{"line":10,"column":3}},{"start":{},"end":{}}]},"3":{"loc":{"start":{"line":7,"column":6},"end":{"line":7,"column":35}},"type":"binary-expr","locations":[{"start":{"line":7,"column":6},"end":{"line":7,"column":13}},{"start":{"line":7,"column":17},"end":{"line":7,"column":35}}]},"4":{"loc":{"start":{"line":11,"column":2},"end":{"line":11,"column":114}},"type":"if","locations":[{"start":{"line":11,"column":2},"end":{"line":11,"column":114}},{"start":{},"end":{}}]}},"s":{"0":0,"1":0,"2":0,"3":0,"4":0,"5":0,"6":0,"7":0,"8":0,"9":0,"10":0},"f":{"0":0},"b":{"0":[0],"1":[0],"2":[0,0],"3":[0,0],"4":[0,0]}}
,"/workspace/lib/rooms.ts": {"path":"/workspace/lib/rooms.ts","statementMap":{"0":{"start":{"line":11,"column":0},"end":{"line":11,"column":22}},"1":{"start":{"line":20,"column":0},"end":{"line":20,"column":16}},"2":{"start":{"line":24,"column":0},"end":{"line":24,"column":16}},"3":{"start":{"line":1,"column":0},"end":{"line":1,"column":29}},"4":{"start":{"line":2,"column":0},"end":{"line":2,"column":41}},"5":{"start":{"line":12,"column":2},"end":{"line":17,"column":22}},"6":{"start":{"line":13,"column":14},"end":{"line":13,"column":58}},"7":{"start":{"line":14,"column":16},"end":{"line":14,"column":43}},"8":{"start":{"line":15,"column":14},"end":{"line":15,"column":29}},"9":{"start":{"line":16,"column":4},"end":{"line":16,"column":49}},"10":{"start":{"line":17,"column":10},"end":{"line":17,"column":20}},"11":{"start":{"line":21,"column":2},"end":{"line":21,"column":62}},"12":{"start":{"line":25,"column":2},"end":{"line":25,"column":42}}},"fnMap":{"0":{"name":"getRooms","decl":{"start":{"line":11,"column":22},"end":{"line":11,"column":30}},"loc":{"start":{"line":11,"column":30},"end":{"line":18,"column":null}}},"1":{"name":"guestsLabel","decl":{"start":{"line":20,"column":16},"end":{"line":20,"column":27}},"loc":{"start":{"line":20,"column":49},"end":{"line":22,"column":1}}},"2":{"name":"airbnbUrl","decl":{"start":{"line":24,"column":16},"end":{"line":24,"column":25}},"loc":{"start":{"line":24,"column":37},"end":{"line":26,"column":1}}}},"branchMap":{"0":{"loc":{"start":{"line":16,"column":11},"end":{"line":16,"column":48}},"type":"cond-expr","locations":[{"start":{"line":16,"column":36},"end":{"line":16,"column":43}},{"start":{"line":16,"column":46},"end":{"line":16,"column":48}}]},"1":{"loc":{"start":{"line":21,"column":9},"end":{"line":21,"column":61}},"type":"cond-expr","locations":[{"start":{"line":21,"column":21},"end":{"line":21,"column":36}},{"start":{"line":21,"column":39},"end":{"line":21,"column":61}}]}},"s":{"0":0,"1":0,"2":0,"3":0,"4":0,"5":0,"6":0,"7":0,"8":0,"9":0,"10":0,"11":0,"12":0},"f":{"0":0,"1":0,"2":0},"b":{"0":[0,0],"1":[0,0]}}
,"/workspace/lib/utils.ts": {"path":"/workspace/lib/utils.ts","statementMap":{"0":{"start":{"line":4,"column":0},"end":{"line":4,"column":16}},"1":{"start":{"line":1,"column":0},"end":{"line":1,"column":44}},"2":{"start":{"line":2,"column":0},"end":{"line":2,"column":40}},"3":{"start":{"line":5,"column":2},"end":{"line":5,"column":null}}},"fnMap":{"0":{"name":"cn","decl":{"start":{"line":4,"column":16},"end":{"line":4,"column":18}},"loc":{"start":{"line":4,"column":42},"end":{"line":6,"column":1}}}},"branchMap":{},"s":{"0":0,"1":0,"2":0,"3":0},"f":{"0":0},"b":{}}
,"/workspace/lib/validate.ts": {"path":"/workspace/lib/validate.ts","statementMap":{"0":{"start":{"line":11,"column":0},"end":{"line":11,"column":16}},"1":{"start":{"line":1,"column":0},"end":{"line":1,"column":24}},"2":{"start":{"line":3,"column":13},"end":{"line":8,"column":3}},"3":{"start":{"line":12,"column":2},"end":{"line":12,"column":28}},"4":{"start":{"line":12,"column":15},"end":{"line":12,"column":28}},"5":{"start":{"line":13,"column":2},"end":{"line":18,"column":27}},"6":{"start":{"line":14,"column":14},"end":{"line":14,"column":29}},"7":{"start":{"line":15,"column":18},"end":{"line":15,"column":99}},"8":{"start":{"line":15,"column":74},"end":{"line":15,"column":82}},"9":{"start":{"line":16,"column":4},"end":{"line":16,"column":35}},"10":{"start":{"line":16,"column":23},"end":{"line":16,"column":35}},"11":{"start":{"line":17,"column":4},"end":{"line":17,"column":36}},"12":{"start":{"line":18,"column":12},"end":{"line":18,"column":25}}},"fnMap":{"0":{"name":"allowedOrigin","decl":{"start":{"line":11,"column":16},"end":{"line":11,"column":29}},"loc":{"start":{"line":11,"column":52},"end":{"line":19,"column":1}}},"1":{"name":"(anonymous_1)","decl":{"start":{"line":15,"column":69},"end":{"line":15,"column":70}},"loc":{"start":{"line":15,"column":74},"end":{"line":15,"column":82}}}},"branchMap":{"0":{"loc":{"start":{"line":12,"column":2},"end":{"line":12,"column":28}},"type":"if","locations":[{"start":{"line":12,"column":2},"end":{"line":12,"column":28}},{"start":{},"end":{}}]},"1":{"loc":{"start":{"line":15,"column":19},"end":{"line":15,"column":52}},"type":"cond-expr","locations":[{"start":{"line":15,"column":46},"end":{"line":15,"column":50}},{"start":{"line":15,"column":50},"end":{"line":15,"column":52}}]},"2":{"loc":{"start":{"line":15,"column":19},"end":{"line":15,"column":50}},"type":"binary-expr","locations":[{"start":{"line":15,"column":19},"end":{"line":15,"column":50}},{"start":{"line":15,"column":46},"end":{"line":15,"column":50}}]},"3":{"loc":{"start":{"line":16,"column":4},"end":{"line":16,"column":35}},"type":"if","locations":[{"start":{"line":16,"column":4},"end":{"line":16,"column":35}},{"start":{},"end":{}}]}},"s":{"0":0,"1":0,"2":0,"3":0,"4":0,"5":0,"6":0,"7":0,"8":0,"9":0,"10":0,"11":0,"12":0},"f":{"0":0,"1":0},"b":{"0":[0,0],"1":[0,0],"2":[0,0],"3":[0,0]}}
,"/workspace/lib/whatsapp.ts": {"path":"/workspace/lib/whatsapp.ts","statementMap":{"0":{"start":{"line":1,"column":0},"end":{"line":1,"column":16}},"1":{"start":{"line":2,"column":12},"end":{"line":2,"column":43}},"2":{"start":{"line":3,"column":2},"end":{"line":3,"column":66}}},"fnMap":{"0":{"name":"waLink","decl":{"start":{"line":1,"column":16},"end":{"line":1,"column":22}},"loc":{"start":{"line":1,"column":57},"end":{"line":4,"column":1}}}},"branchMap":{},"s":{"0":0,"1":0,"2":0},"f":{"0":0},"b":{}}
}
